{"/Users/ahmedalgohari/Lotus/src/navigation/AppNavigator.tsx": {"path":"/Users/ahmedalgohari/Lotus/src/navigation/AppNavigator.tsx","statementMap":{"0":{"start":{"line":22,"column":12},"end":{"line":22,"column":38}},"1":{"start":{"line":23,"column":14},"end":{"line":23,"column":36}},"2":{"start":{"line":27,"column":2},"end":{"line":33,"column":4}},"3":{"start":{"line":38,"column":16},"end":{"line":38,"column":32}},"4":{"start":{"line":40,"column":2},"end":{"line":106,"column":4}},"5":{"start":{"line":42,"column":37},"end":{"line":82,"column":7}},"6":{"start":{"line":47,"column":10},"end":{"line":55,"column":11}},"7":{"start":{"line":48,"column":12},"end":{"line":48,"column":57}},"8":{"start":{"line":49,"column":17},"end":{"line":55,"column":11}},"9":{"start":{"line":50,"column":12},"end":{"line":50,"column":61}},"10":{"start":{"line":51,"column":17},"end":{"line":55,"column":11}},"11":{"start":{"line":52,"column":12},"end":{"line":52,"column":57}},"12":{"start":{"line":54,"column":12},"end":{"line":54,"column":38}},"13":{"start":{"line":57,"column":10},"end":{"line":57,"column":72}},"14":{"start":{"line":111,"column":30},"end":{"line":111,"column":40}},"15":{"start":{"line":113,"column":2},"end":{"line":126,"column":4}}},"fnMap":{"0":{"name":"PlantsStack","decl":{"start":{"line":26,"column":9},"end":{"line":26,"column":20}},"loc":{"start":{"line":26,"column":23},"end":{"line":34,"column":1}},"line":26},"1":{"name":"MainTabs","decl":{"start":{"line":37,"column":9},"end":{"line":37,"column":17}},"loc":{"start":{"line":37,"column":20},"end":{"line":107,"column":1}},"line":37},"2":{"name":"(anonymous_2)","decl":{"start":{"line":42,"column":21},"end":{"line":42,"column":22}},"loc":{"start":{"line":42,"column":37},"end":{"line":82,"column":7}},"line":42},"3":{"name":"(anonymous_3)","decl":{"start":{"line":44,"column":20},"end":{"line":44,"column":21}},"loc":{"start":{"line":44,"column":50},"end":{"line":58,"column":9}},"line":44},"4":{"name":"AppNavigator","decl":{"start":{"line":110,"column":24},"end":{"line":110,"column":36}},"loc":{"start":{"line":110,"column":39},"end":{"line":127,"column":1}},"line":110}},"branchMap":{"0":{"loc":{"start":{"line":47,"column":10},"end":{"line":55,"column":11}},"type":"if","locations":[{"start":{"line":47,"column":10},"end":{"line":55,"column":11}},{"start":{"line":49,"column":17},"end":{"line":55,"column":11}}],"line":47},"1":{"loc":{"start":{"line":48,"column":23},"end":{"line":48,"column":56}},"type":"cond-expr","locations":[{"start":{"line":48,"column":33},"end":{"line":48,"column":39}},{"start":{"line":48,"column":42},"end":{"line":48,"column":56}}],"line":48},"2":{"loc":{"start":{"line":49,"column":17},"end":{"line":55,"column":11}},"type":"if","locations":[{"start":{"line":49,"column":17},"end":{"line":55,"column":11}},{"start":{"line":51,"column":17},"end":{"line":55,"column":11}}],"line":49},"3":{"loc":{"start":{"line":50,"column":23},"end":{"line":50,"column":60}},"type":"cond-expr","locations":[{"start":{"line":50,"column":33},"end":{"line":50,"column":41}},{"start":{"line":50,"column":44},"end":{"line":50,"column":60}}],"line":50},"4":{"loc":{"start":{"line":51,"column":17},"end":{"line":55,"column":11}},"type":"if","locations":[{"start":{"line":51,"column":17},"end":{"line":55,"column":11}},{"start":{"line":53,"column":17},"end":{"line":55,"column":11}}],"line":51},"5":{"loc":{"start":{"line":52,"column":23},"end":{"line":52,"column":56}},"type":"cond-expr","locations":[{"start":{"line":52,"column":33},"end":{"line":52,"column":39}},{"start":{"line":52,"column":42},"end":{"line":52,"column":56}}],"line":52},"6":{"loc":{"start":{"line":116,"column":9},"end":{"line":123,"column":9}},"type":"cond-expr","locations":[{"start":{"line":117,"column":10},"end":{"line":120,"column":13}},{"start":{"line":122,"column":10},"end":{"line":122,"column":59}}],"line":116}},"s":{"0":0,"1":0,"2":0,"3":0,"4":0,"5":0,"6":0,"7":0,"8":0,"9":0,"10":0,"11":0,"12":0,"13":0,"14":0,"15":0},"f":{"0":0,"1":0,"2":0,"3":0,"4":0},"b":{"0":[0,0],"1":[0,0],"2":[0,0],"3":[0,0],"4":[0,0],"5":[0,0],"6":[0,0]}}
,"/Users/ahmedalgohari/Lotus/src/screens/AddPlantScreen.tsx": {"path":"/Users/ahmedalgohari/Lotus/src/screens/AddPlantScreen.tsx","statementMap":{"0":{"start":{"line":27,"column":34},"end":{"line":27,"column":46}},"1":{"start":{"line":28,"column":50},"end":{"line":28,"column":73}},"2":{"start":{"line":29,"column":52},"end":{"line":29,"column":68}},"3":{"start":{"line":30,"column":36},"end":{"line":30,"column":51}},"4":{"start":{"line":32,"column":21},"end":{"line":32,"column":36}},"5":{"start":{"line":33,"column":16},"end":{"line":33,"column":26}},"6":{"start":{"line":34,"column":50},"end":{"line":34,"column":85}},"7":{"start":{"line":35,"column":29},"end":{"line":35,"column":39}},"8":{"start":{"line":37,"column":21},"end":{"line":106,"column":3}},"9":{"start":{"line":38,"column":4},"end":{"line":41,"column":5}},"10":{"start":{"line":39,"column":6},"end":{"line":39,"column":60}},"11":{"start":{"line":40,"column":6},"end":{"line":40,"column":13}},"12":{"start":{"line":43,"column":4},"end":{"line":46,"column":5}},"13":{"start":{"line":44,"column":6},"end":{"line":44,"column":69}},"14":{"start":{"line":45,"column":6},"end":{"line":45,"column":13}},"15":{"start":{"line":48,"column":4},"end":{"line":48,"column":23}},"16":{"start":{"line":50,"column":4},"end":{"line":105,"column":5}},"17":{"start":{"line":51,"column":21},"end":{"line":51,"column":23}},"18":{"start":{"line":54,"column":6},"end":{"line":68,"column":7}},"19":{"start":{"line":55,"column":57},"end":{"line":61,"column":9}},"20":{"start":{"line":63,"column":8},"end":{"line":67,"column":9}},"21":{"start":{"line":64,"column":10},"end":{"line":64,"column":63}},"22":{"start":{"line":65,"column":15},"end":{"line":67,"column":9}},"23":{"start":{"line":66,"column":10},"end":{"line":66,"column":42}},"24":{"start":{"line":71,"column":27},"end":{"line":71,"column":37}},"25":{"start":{"line":72,"column":6},"end":{"line":72,"column":55}},"26":{"start":{"line":74,"column":23},"end":{"line":82,"column":7}},"27":{"start":{"line":84,"column":30},"end":{"line":84,"column":64}},"28":{"start":{"line":86,"column":6},"end":{"line":86,"column":29}},"29":{"start":{"line":86,"column":17},"end":{"line":86,"column":29}},"30":{"start":{"line":87,"column":6},"end":{"line":99,"column":7}},"31":{"start":{"line":88,"column":8},"end":{"line":88,"column":23}},"32":{"start":{"line":89,"column":8},"end":{"line":98,"column":10}},"33":{"start":{"line":95,"column":29},"end":{"line":95,"column":67}},"34":{"start":{"line":101,"column":6},"end":{"line":101,"column":50}},"35":{"start":{"line":102,"column":6},"end":{"line":102,"column":70}},"36":{"start":{"line":104,"column":6},"end":{"line":104,"column":26}},"37":{"start":{"line":108,"column":2},"end":{"line":304,"column":4}},"38":{"start":{"line":113,"column":43},"end":{"line":113,"column":62}},"39":{"start":{"line":181,"column":16},"end":{"line":201,"column":35}},"40":{"start":{"line":187,"column":33},"end":{"line":187,"column":68}},"41":{"start":{"line":214,"column":18},"end":{"line":229,"column":37}},"42":{"start":{"line":221,"column":35},"end":{"line":221,"column":72}},"43":{"start":{"line":238,"column":55},"end":{"line":238,"column":84}},"44":{"start":{"line":241,"column":53},"end":{"line":241,"column":82}},"45":{"start":{"line":307,"column":15},"end":{"line":567,"column":2}}},"fnMap":{"0":{"name":"AddPlantScreen","decl":{"start":{"line":26,"column":24},"end":{"line":26,"column":38}},"loc":{"start":{"line":26,"column":41},"end":{"line":305,"column":1}},"line":26},"1":{"name":"(anonymous_1)","decl":{"start":{"line":37,"column":21},"end":{"line":37,"column":22}},"loc":{"start":{"line":37,"column":33},"end":{"line":106,"column":3}},"line":37},"2":{"name":"(anonymous_2)","decl":{"start":{"line":95,"column":23},"end":{"line":95,"column":24}},"loc":{"start":{"line":95,"column":29},"end":{"line":95,"column":67}},"line":95},"3":{"name":"(anonymous_3)","decl":{"start":{"line":113,"column":37},"end":{"line":113,"column":38}},"loc":{"start":{"line":113,"column":43},"end":{"line":113,"column":62}},"line":113},"4":{"name":"(anonymous_4)","decl":{"start":{"line":180,"column":35},"end":{"line":180,"column":36}},"loc":{"start":{"line":181,"column":16},"end":{"line":201,"column":35}},"line":181},"5":{"name":"(anonymous_5)","decl":{"start":{"line":187,"column":27},"end":{"line":187,"column":28}},"loc":{"start":{"line":187,"column":33},"end":{"line":187,"column":68}},"line":187},"6":{"name":"(anonymous_6)","decl":{"start":{"line":213,"column":39},"end":{"line":213,"column":40}},"loc":{"start":{"line":214,"column":18},"end":{"line":229,"column":37}},"line":214},"7":{"name":"(anonymous_7)","decl":{"start":{"line":221,"column":29},"end":{"line":221,"column":30}},"loc":{"start":{"line":221,"column":35},"end":{"line":221,"column":72}},"line":221},"8":{"name":"(anonymous_8)","decl":{"start":{"line":238,"column":50},"end":{"line":238,"column":51}},"loc":{"start":{"line":238,"column":55},"end":{"line":238,"column":84}},"line":238},"9":{"name":"(anonymous_9)","decl":{"start":{"line":241,"column":48},"end":{"line":241,"column":49}},"loc":{"start":{"line":241,"column":53},"end":{"line":241,"column":82}},"line":241}},"branchMap":{"0":{"loc":{"start":{"line":34,"column":50},"end":{"line":34,"column":85}},"type":"binary-expr","locations":[{"start":{"line":34,"column":51},"end":{"line":34,"column":78}},{"start":{"line":34,"column":83},"end":{"line":34,"column":85}}],"line":34},"1":{"loc":{"start":{"line":38,"column":4},"end":{"line":41,"column":5}},"type":"if","locations":[{"start":{"line":38,"column":4},"end":{"line":41,"column":5}},{"start":{},"end":{}}],"line":38},"2":{"loc":{"start":{"line":43,"column":4},"end":{"line":46,"column":5}},"type":"if","locations":[{"start":{"line":43,"column":4},"end":{"line":46,"column":5}},{"start":{},"end":{}}],"line":43},"3":{"loc":{"start":{"line":54,"column":6},"end":{"line":68,"column":7}},"type":"if","locations":[{"start":{"line":54,"column":6},"end":{"line":68,"column":7}},{"start":{},"end":{}}],"line":54},"4":{"loc":{"start":{"line":63,"column":8},"end":{"line":67,"column":9}},"type":"if","locations":[{"start":{"line":63,"column":8},"end":{"line":67,"column":9}},{"start":{"line":65,"column":15},"end":{"line":67,"column":9}}],"line":63},"5":{"loc":{"start":{"line":65,"column":15},"end":{"line":67,"column":9}},"type":"if","locations":[{"start":{"line":65,"column":15},"end":{"line":67,"column":9}},{"start":{},"end":{}}],"line":65},"6":{"loc":{"start":{"line":86,"column":6},"end":{"line":86,"column":29}},"type":"if","locations":[{"start":{"line":86,"column":6},"end":{"line":86,"column":29}},{"start":{},"end":{}}],"line":86},"7":{"loc":{"start":{"line":87,"column":6},"end":{"line":99,"column":7}},"type":"if","locations":[{"start":{"line":87,"column":6},"end":{"line":99,"column":7}},{"start":{},"end":{}}],"line":87},"8":{"loc":{"start":{"line":119,"column":22},"end":{"line":119,"column":51}},"type":"binary-expr","locations":[{"start":{"line":119,"column":22},"end":{"line":119,"column":31}},{"start":{"line":119,"column":35},"end":{"line":119,"column":51}}],"line":119},"9":{"loc":{"start":{"line":123,"column":14},"end":{"line":123,"column":74}},"type":"binary-expr","locations":[{"start":{"line":123,"column":15},"end":{"line":123,"column":31}},{"start":{"line":123,"column":35},"end":{"line":123,"column":44}},{"start":{"line":123,"column":49},"end":{"line":123,"column":74}}],"line":123},"10":{"loc":{"start":{"line":125,"column":15},"end":{"line":125,"column":47}},"type":"cond-expr","locations":[{"start":{"line":125,"column":27},"end":{"line":125,"column":38}},{"start":{"line":125,"column":41},"end":{"line":125,"column":47}}],"line":125},"11":{"loc":{"start":{"line":131,"column":9},"end":{"line":151,"column":9}},"type":"binary-expr","locations":[{"start":{"line":131,"column":10},"end":{"line":131,"column":30}},{"start":{"line":131,"column":34},"end":{"line":131,"column":47}},{"start":{"line":132,"column":10},"end":{"line":150,"column":17}}],"line":131},"12":{"loc":{"start":{"line":133,"column":13},"end":{"line":135,"column":13}},"type":"binary-expr","locations":[{"start":{"line":133,"column":13},"end":{"line":133,"column":26}},{"start":{"line":134,"column":14},"end":{"line":134,"column":83}}],"line":133},"13":{"loc":{"start":{"line":137,"column":13},"end":{"line":149,"column":13}},"type":"binary-expr","locations":[{"start":{"line":137,"column":13},"end":{"line":137,"column":33}},{"start":{"line":138,"column":14},"end":{"line":148,"column":21}}],"line":137},"14":{"loc":{"start":{"line":167,"column":16},"end":{"line":169,"column":44}},"type":"cond-expr","locations":[{"start":{"line":168,"column":20},"end":{"line":168,"column":65}},{"start":{"line":169,"column":20},"end":{"line":169,"column":44}}],"line":167},"15":{"loc":{"start":{"line":185,"column":20},"end":{"line":185,"column":84}},"type":"binary-expr","locations":[{"start":{"line":185,"column":20},"end":{"line":185,"column":55}},{"start":{"line":185,"column":59},"end":{"line":185,"column":84}}],"line":185},"16":{"loc":{"start":{"line":191,"column":20},"end":{"line":191,"column":84}},"type":"binary-expr","locations":[{"start":{"line":191,"column":20},"end":{"line":191,"column":55}},{"start":{"line":191,"column":59},"end":{"line":191,"column":84}}],"line":191},"17":{"loc":{"start":{"line":197,"column":20},"end":{"line":197,"column":86}},"type":"binary-expr","locations":[{"start":{"line":197,"column":20},"end":{"line":197,"column":55}},{"start":{"line":197,"column":59},"end":{"line":197,"column":86}}],"line":197},"18":{"loc":{"start":{"line":219,"column":22},"end":{"line":219,"column":94}},"type":"binary-expr","locations":[{"start":{"line":219,"column":22},"end":{"line":219,"column":59}},{"start":{"line":219,"column":63},"end":{"line":219,"column":94}}],"line":219},"19":{"loc":{"start":{"line":225,"column":22},"end":{"line":225,"column":89}},"type":"binary-expr","locations":[{"start":{"line":225,"column":22},"end":{"line":225,"column":59}},{"start":{"line":225,"column":63},"end":{"line":225,"column":89}}],"line":225},"20":{"loc":{"start":{"line":262,"column":19},"end":{"line":262,"column":82}},"type":"binary-expr","locations":[{"start":{"line":262,"column":19},"end":{"line":262,"column":48}},{"start":{"line":262,"column":52},"end":{"line":262,"column":82}}],"line":262},"21":{"loc":{"start":{"line":263,"column":19},"end":{"line":263,"column":95}},"type":"binary-expr","locations":[{"start":{"line":263,"column":19},"end":{"line":263,"column":47}},{"start":{"line":263,"column":51},"end":{"line":263,"column":95}}],"line":263},"22":{"loc":{"start":{"line":264,"column":19},"end":{"line":264,"column":96}},"type":"binary-expr","locations":[{"start":{"line":264,"column":19},"end":{"line":264,"column":48}},{"start":{"line":264,"column":52},"end":{"line":264,"column":96}}],"line":264},"23":{"loc":{"start":{"line":265,"column":19},"end":{"line":265,"column":89}},"type":"binary-expr","locations":[{"start":{"line":265,"column":19},"end":{"line":265,"column":47}},{"start":{"line":265,"column":51},"end":{"line":265,"column":89}}],"line":265},"24":{"loc":{"start":{"line":282,"column":14},"end":{"line":282,"column":79}},"type":"binary-expr","locations":[{"start":{"line":282,"column":15},"end":{"line":282,"column":31}},{"start":{"line":282,"column":35},"end":{"line":282,"column":44}},{"start":{"line":282,"column":49},"end":{"line":282,"column":79}}],"line":282},"25":{"loc":{"start":{"line":285,"column":22},"end":{"line":285,"column":51}},"type":"binary-expr","locations":[{"start":{"line":285,"column":22},"end":{"line":285,"column":31}},{"start":{"line":285,"column":35},"end":{"line":285,"column":51}}],"line":285},"26":{"loc":{"start":{"line":290,"column":21},"end":{"line":290,"column":90}},"type":"cond-expr","locations":[{"start":{"line":290,"column":55},"end":{"line":290,"column":75}},{"start":{"line":290,"column":78},"end":{"line":290,"column":90}}],"line":290},"27":{"loc":{"start":{"line":290,"column":22},"end":{"line":290,"column":51}},"type":"binary-expr","locations":[{"start":{"line":290,"column":22},"end":{"line":290,"column":38}},{"start":{"line":290,"column":42},"end":{"line":290,"column":51}}],"line":290},"28":{"loc":{"start":{"line":294,"column":14},"end":{"line":294,"column":83}},"type":"binary-expr","locations":[{"start":{"line":294,"column":15},"end":{"line":294,"column":31}},{"start":{"line":294,"column":35},"end":{"line":294,"column":44}},{"start":{"line":294,"column":49},"end":{"line":294,"column":83}}],"line":294},"29":{"loc":{"start":{"line":296,"column":15},"end":{"line":296,"column":59}},"type":"cond-expr","locations":[{"start":{"line":296,"column":27},"end":{"line":296,"column":44}},{"start":{"line":296,"column":47},"end":{"line":296,"column":59}}],"line":296}},"s":{"0":0,"1":0,"2":0,"3":0,"4":0,"5":0,"6":0,"7":0,"8":0,"9":0,"10":0,"11":0,"12":0,"13":0,"14":0,"15":0,"16":0,"17":0,"18":0,"19":0,"20":0,"21":0,"22":0,"23":0,"24":0,"25":0,"26":0,"27":0,"28":0,"29":0,"30":0,"31":0,"32":0,"33":0,"34":0,"35":0,"36":0,"37":0,"38":0,"39":0,"40":0,"41":0,"42":0,"43":0,"44":0,"45":0},"f":{"0":0,"1":0,"2":0,"3":0,"4":0,"5":0,"6":0,"7":0,"8":0,"9":0},"b":{"0":[0,0],"1":[0,0],"2":[0,0],"3":[0,0],"4":[0,0],"5":[0,0],"6":[0,0],"7":[0,0],"8":[0,0],"9":[0,0,0],"10":[0,0],"11":[0,0,0],"12":[0,0],"13":[0,0],"14":[0,0],"15":[0,0],"16":[0,0],"17":[0,0],"18":[0,0],"19":[0,0],"20":[0,0],"21":[0,0],"22":[0,0],"23":[0,0],"24":[0,0,0],"25":[0,0],"26":[0,0],"27":[0,0],"28":[0,0,0],"29":[0,0]}}
,"/Users/ahmedalgohari/Lotus/src/screens/AuthScreen.tsx": {"path":"/Users/ahmedalgohari/Lotus/src/screens/AuthScreen.tsx","statementMap":{"0":{"start":{"line":23,"column":36},"end":{"line":23,"column":51}},"1":{"start":{"line":24,"column":40},"end":{"line":24,"column":50}},"2":{"start":{"line":26,"column":2},"end":{"line":26,"column":53}},"3":{"start":{"line":28,"column":29},"end":{"line":50,"column":3}},"4":{"start":{"line":29,"column":4},"end":{"line":29,"column":23}},"5":{"start":{"line":30,"column":4},"end":{"line":49,"column":5}},"6":{"start":{"line":31,"column":30},"end":{"line":31,"column":66}},"7":{"start":{"line":32,"column":6},"end":{"line":32,"column":29}},"8":{"start":{"line":32,"column":17},"end":{"line":32,"column":29}},"9":{"start":{"line":34,"column":6},"end":{"line":43,"column":7}},"10":{"start":{"line":35,"column":8},"end":{"line":41,"column":11}},"11":{"start":{"line":42,"column":8},"end":{"line":42,"column":31}},"12":{"start":{"line":45,"column":6},"end":{"line":45,"column":52}},"13":{"start":{"line":46,"column":6},"end":{"line":46,"column":57}},"14":{"start":{"line":48,"column":6},"end":{"line":48,"column":26}},"15":{"start":{"line":52,"column":28},"end":{"line":74,"column":3}},"16":{"start":{"line":53,"column":4},"end":{"line":53,"column":23}},"17":{"start":{"line":54,"column":4},"end":{"line":73,"column":5}},"18":{"start":{"line":55,"column":30},"end":{"line":55,"column":65}},"19":{"start":{"line":56,"column":6},"end":{"line":56,"column":29}},"20":{"start":{"line":56,"column":17},"end":{"line":56,"column":29}},"21":{"start":{"line":58,"column":6},"end":{"line":67,"column":7}},"22":{"start":{"line":59,"column":8},"end":{"line":65,"column":11}},"23":{"start":{"line":66,"column":8},"end":{"line":66,"column":31}},"24":{"start":{"line":69,"column":6},"end":{"line":69,"column":51}},"25":{"start":{"line":70,"column":6},"end":{"line":70,"column":57}},"26":{"start":{"line":72,"column":6},"end":{"line":72,"column":26}},"27":{"start":{"line":76,"column":26},"end":{"line":84,"column":3}},"28":{"start":{"line":77,"column":20},"end":{"line":77,"column":84}},"29":{"start":{"line":78,"column":4},"end":{"line":82,"column":7}},"30":{"start":{"line":83,"column":4},"end":{"line":83,"column":27}},"31":{"start":{"line":86,"column":28},"end":{"line":88,"column":3}},"32":{"start":{"line":87,"column":4},"end":{"line":87,"column":37}},"33":{"start":{"line":90,"column":2},"end":{"line":171,"column":4}},"34":{"start":{"line":174,"column":15},"end":{"line":315,"column":2}}},"fnMap":{"0":{"name":"AuthScreen","decl":{"start":{"line":22,"column":24},"end":{"line":22,"column":34}},"loc":{"start":{"line":22,"column":68},"end":{"line":172,"column":1}},"line":22},"1":{"name":"(anonymous_1)","decl":{"start":{"line":28,"column":29},"end":{"line":28,"column":30}},"loc":{"start":{"line":28,"column":41},"end":{"line":50,"column":3}},"line":28},"2":{"name":"(anonymous_2)","decl":{"start":{"line":52,"column":28},"end":{"line":52,"column":29}},"loc":{"start":{"line":52,"column":40},"end":{"line":74,"column":3}},"line":52},"3":{"name":"(anonymous_3)","decl":{"start":{"line":76,"column":26},"end":{"line":76,"column":27}},"loc":{"start":{"line":76,"column":32},"end":{"line":84,"column":3}},"line":76},"4":{"name":"(anonymous_4)","decl":{"start":{"line":86,"column":28},"end":{"line":86,"column":29}},"loc":{"start":{"line":86,"column":34},"end":{"line":88,"column":3}},"line":86}},"branchMap":{"0":{"loc":{"start":{"line":32,"column":6},"end":{"line":32,"column":29}},"type":"if","locations":[{"start":{"line":32,"column":6},"end":{"line":32,"column":29}},{"start":{},"end":{}}],"line":32},"1":{"loc":{"start":{"line":34,"column":6},"end":{"line":43,"column":7}},"type":"if","locations":[{"start":{"line":34,"column":6},"end":{"line":43,"column":7}},{"start":{},"end":{}}],"line":34},"2":{"loc":{"start":{"line":38,"column":16},"end":{"line":38,"column":64}},"type":"binary-expr","locations":[{"start":{"line":38,"column":16},"end":{"line":38,"column":45}},{"start":{"line":38,"column":49},"end":{"line":38,"column":64}}],"line":38},"3":{"loc":{"start":{"line":56,"column":6},"end":{"line":56,"column":29}},"type":"if","locations":[{"start":{"line":56,"column":6},"end":{"line":56,"column":29}},{"start":{},"end":{}}],"line":56},"4":{"loc":{"start":{"line":58,"column":6},"end":{"line":67,"column":7}},"type":"if","locations":[{"start":{"line":58,"column":6},"end":{"line":67,"column":7}},{"start":{},"end":{}}],"line":58},"5":{"loc":{"start":{"line":62,"column":16},"end":{"line":62,"column":64}},"type":"binary-expr","locations":[{"start":{"line":62,"column":16},"end":{"line":62,"column":45}},{"start":{"line":62,"column":49},"end":{"line":62,"column":64}}],"line":62},"6":{"loc":{"start":{"line":152,"column":11},"end":{"line":157,"column":11}},"type":"binary-expr","locations":[{"start":{"line":152,"column":11},"end":{"line":152,"column":20}},{"start":{"line":153,"column":12},"end":{"line":156,"column":19}}],"line":152}},"s":{"0":5,"1":5,"2":5,"3":5,"4":0,"5":0,"6":0,"7":0,"8":0,"9":0,"10":0,"11":0,"12":0,"13":0,"14":0,"15":5,"16":0,"17":0,"18":0,"19":0,"20":0,"21":0,"22":0,"23":0,"24":0,"25":0,"26":0,"27":5,"28":0,"29":0,"30":0,"31":5,"32":0,"33":5,"34":1},"f":{"0":5,"1":0,"2":0,"3":0,"4":0},"b":{"0":[0,0],"1":[0,0],"2":[0,0],"3":[0,0],"4":[0,0],"5":[0,0],"6":[5,0]},"_coverageSchema":"1a1c01bbd47fc00a2c39e90264f33305004495a9","hash":"eb3e91120987241b4036ecdcc14056b808c537c1"}
,"/Users/ahmedalgohari/Lotus/src/screens/EmailAuthScreen.tsx": {"path":"/Users/ahmedalgohari/Lotus/src/screens/EmailAuthScreen.tsx","statementMap":{"0":{"start":{"line":24,"column":28},"end":{"line":24,"column":40}},"1":{"start":{"line":25,"column":34},"end":{"line":25,"column":46}},"2":{"start":{"line":26,"column":36},"end":{"line":26,"column":51}},"3":{"start":{"line":27,"column":34},"end":{"line":27,"column":49}},"4":{"start":{"line":28,"column":40},"end":{"line":28,"column":50}},"5":{"start":{"line":30,"column":26},"end":{"line":60,"column":3}},"6":{"start":{"line":31,"column":4},"end":{"line":34,"column":5}},"7":{"start":{"line":32,"column":6},"end":{"line":32,"column":68}},"8":{"start":{"line":33,"column":6},"end":{"line":33,"column":13}},"9":{"start":{"line":36,"column":4},"end":{"line":36,"column":23}},"10":{"start":{"line":37,"column":4},"end":{"line":59,"column":5}},"11":{"start":{"line":38,"column":30},"end":{"line":40,"column":51}},"12":{"start":{"line":42,"column":6},"end":{"line":42,"column":29}},"13":{"start":{"line":42,"column":17},"end":{"line":42,"column":29}},"14":{"start":{"line":44,"column":6},"end":{"line":53,"column":7}},"15":{"start":{"line":45,"column":8},"end":{"line":51,"column":11}},"16":{"start":{"line":52,"column":8},"end":{"line":52,"column":31}},"17":{"start":{"line":55,"column":6},"end":{"line":55,"column":48}},"18":{"start":{"line":56,"column":6},"end":{"line":56,"column":91}},"19":{"start":{"line":58,"column":6},"end":{"line":58,"column":26}},"20":{"start":{"line":62,"column":2},"end":{"line":155,"column":4}},"21":{"start":{"line":72,"column":43},"end":{"line":72,"column":62}},"22":{"start":{"line":132,"column":29},"end":{"line":132,"column":51}},"23":{"start":{"line":158,"column":15},"end":{"line":263,"column":2}}},"fnMap":{"0":{"name":"EmailAuthScreen","decl":{"start":{"line":23,"column":24},"end":{"line":23,"column":39}},"loc":{"start":{"line":23,"column":78},"end":{"line":156,"column":1}},"line":23},"1":{"name":"(anonymous_1)","decl":{"start":{"line":30,"column":26},"end":{"line":30,"column":27}},"loc":{"start":{"line":30,"column":38},"end":{"line":60,"column":3}},"line":30},"2":{"name":"(anonymous_2)","decl":{"start":{"line":72,"column":37},"end":{"line":72,"column":38}},"loc":{"start":{"line":72,"column":43},"end":{"line":72,"column":62}},"line":72},"3":{"name":"(anonymous_3)","decl":{"start":{"line":132,"column":23},"end":{"line":132,"column":24}},"loc":{"start":{"line":132,"column":29},"end":{"line":132,"column":51}},"line":132}},"branchMap":{"0":{"loc":{"start":{"line":31,"column":4},"end":{"line":34,"column":5}},"type":"if","locations":[{"start":{"line":31,"column":4},"end":{"line":34,"column":5}},{"start":{},"end":{}}],"line":31},"1":{"loc":{"start":{"line":31,"column":8},"end":{"line":31,"column":27}},"type":"binary-expr","locations":[{"start":{"line":31,"column":8},"end":{"line":31,"column":14}},{"start":{"line":31,"column":18},"end":{"line":31,"column":27}}],"line":31},"2":{"loc":{"start":{"line":38,"column":30},"end":{"line":40,"column":51}},"type":"cond-expr","locations":[{"start":{"line":39,"column":10},"end":{"line":39,"column":51}},{"start":{"line":40,"column":10},"end":{"line":40,"column":51}}],"line":38},"3":{"loc":{"start":{"line":42,"column":6},"end":{"line":42,"column":29}},"type":"if","locations":[{"start":{"line":42,"column":6},"end":{"line":42,"column":29}},{"start":{},"end":{}}],"line":42},"4":{"loc":{"start":{"line":44,"column":6},"end":{"line":53,"column":7}},"type":"if","locations":[{"start":{"line":44,"column":6},"end":{"line":53,"column":7}},{"start":{},"end":{}}],"line":44},"5":{"loc":{"start":{"line":48,"column":16},"end":{"line":48,"column":64}},"type":"binary-expr","locations":[{"start":{"line":48,"column":16},"end":{"line":48,"column":45}},{"start":{"line":48,"column":49},"end":{"line":48,"column":64}}],"line":48},"6":{"loc":{"start":{"line":84,"column":15},"end":{"line":84,"column":64}},"type":"cond-expr","locations":[{"start":{"line":84,"column":26},"end":{"line":84,"column":47}},{"start":{"line":84,"column":50},"end":{"line":84,"column":64}}],"line":84},"7":{"loc":{"start":{"line":121,"column":15},"end":{"line":127,"column":15}},"type":"cond-expr","locations":[{"start":{"line":122,"column":16},"end":{"line":122,"column":73}},{"start":{"line":124,"column":16},"end":{"line":126,"column":23}}],"line":121},"8":{"loc":{"start":{"line":125,"column":19},"end":{"line":125,"column":58}},"type":"cond-expr","locations":[{"start":{"line":125,"column":30},"end":{"line":125,"column":46}},{"start":{"line":125,"column":49},"end":{"line":125,"column":58}}],"line":125},"9":{"loc":{"start":{"line":135,"column":17},"end":{"line":137,"column":52}},"type":"cond-expr","locations":[{"start":{"line":136,"column":20},"end":{"line":136,"column":54}},{"start":{"line":137,"column":20},"end":{"line":137,"column":52}}],"line":135}},"s":{"0":0,"1":0,"2":0,"3":0,"4":0,"5":0,"6":0,"7":0,"8":0,"9":0,"10":0,"11":0,"12":0,"13":0,"14":0,"15":0,"16":0,"17":0,"18":0,"19":0,"20":0,"21":0,"22":0,"23":0},"f":{"0":0,"1":0,"2":0,"3":0},"b":{"0":[0,0],"1":[0,0],"2":[0,0],"3":[0,0],"4":[0,0],"5":[0,0],"6":[0,0],"7":[0,0],"8":[0,0],"9":[0,0]}}
,"/Users/ahmedalgohari/Lotus/src/screens/HomeScreen.tsx": {"path":"/Users/ahmedalgohari/Lotus/src/screens/HomeScreen.tsx","statementMap":{"0":{"start":{"line":20,"column":18},"end":{"line":57,"column":1}},"1":{"start":{"line":60,"column":91},"end":{"line":60,"column":101}},"2":{"start":{"line":61,"column":46},"end":{"line":61,"column":61}},"3":{"start":{"line":62,"column":22},"end":{"line":62,"column":38}},"4":{"start":{"line":63,"column":16},"end":{"line":63,"column":24}},"5":{"start":{"line":64,"column":48},"end":{"line":64,"column":78}},"6":{"start":{"line":66,"column":2},"end":{"line":68,"column":9}},"7":{"start":{"line":67,"column":4},"end":{"line":67,"column":22}},"8":{"start":{"line":70,"column":26},"end":{"line":91,"column":3}},"9":{"start":{"line":71,"column":4},"end":{"line":73,"column":5}},"10":{"start":{"line":72,"column":6},"end":{"line":72,"column":30}},"11":{"start":{"line":75,"column":4},"end":{"line":90,"column":5}},"12":{"start":{"line":76,"column":26},"end":{"line":76,"column":66}},"13":{"start":{"line":77,"column":6},"end":{"line":82,"column":7}},"14":{"start":{"line":78,"column":8},"end":{"line":78,"column":32}},"15":{"start":{"line":79,"column":8},"end":{"line":79,"column":56}},"16":{"start":{"line":81,"column":8},"end":{"line":81,"column":49}},"17":{"start":{"line":84,"column":6},"end":{"line":84,"column":75}},"18":{"start":{"line":87,"column":6},"end":{"line":89,"column":7}},"19":{"start":{"line":88,"column":8},"end":{"line":88,"column":33}},"20":{"start":{"line":93,"column":22},"end":{"line":98,"column":3}},"21":{"start":{"line":94,"column":17},"end":{"line":94,"column":38}},"22":{"start":{"line":95,"column":4},"end":{"line":95,"column":41}},"23":{"start":{"line":95,"column":19},"end":{"line":95,"column":41}},"24":{"start":{"line":96,"column":4},"end":{"line":96,"column":43}},"25":{"start":{"line":96,"column":19},"end":{"line":96,"column":43}},"26":{"start":{"line":97,"column":4},"end":{"line":97,"column":26}},"27":{"start":{"line":100,"column":25},"end":{"line":109,"column":3}},"28":{"start":{"line":101,"column":24},"end":{"line":101,"column":62}},"29":{"start":{"line":102,"column":4},"end":{"line":108,"column":5}},"30":{"start":{"line":103,"column":6},"end":{"line":103,"column":40}},"31":{"start":{"line":104,"column":6},"end":{"line":104,"column":38}},"32":{"start":{"line":105,"column":6},"end":{"line":105,"column":37}},"33":{"start":{"line":107,"column":6},"end":{"line":107,"column":55}},"34":{"start":{"line":111,"column":23},"end":{"line":119,"column":3}},"35":{"start":{"line":112,"column":4},"end":{"line":118,"column":5}},"36":{"start":{"line":113,"column":6},"end":{"line":113,"column":27}},"37":{"start":{"line":114,"column":6},"end":{"line":114,"column":20}},"38":{"start":{"line":115,"column":6},"end":{"line":115,"column":30}},"39":{"start":{"line":117,"column":6},"end":{"line":117,"column":49}},"40":{"start":{"line":121,"column":25},"end":{"line":125,"column":3}},"41":{"start":{"line":123,"column":4},"end":{"line":123,"column":32}},"42":{"start":{"line":124,"column":4},"end":{"line":124,"column":32}},"43":{"start":{"line":127,"column":2},"end":{"line":319,"column":4}},"44":{"start":{"line":187,"column":14},"end":{"line":195,"column":21}},"45":{"start":{"line":322,"column":15},"end":{"line":712,"column":2}}},"fnMap":{"0":{"name":"HomeScreen","decl":{"start":{"line":59,"column":24},"end":{"line":59,"column":34}},"loc":{"start":{"line":59,"column":37},"end":{"line":320,"column":1}},"line":59},"1":{"name":"(anonymous_1)","decl":{"start":{"line":66,"column":12},"end":{"line":66,"column":13}},"loc":{"start":{"line":66,"column":18},"end":{"line":68,"column":3}},"line":66},"2":{"name":"(anonymous_2)","decl":{"start":{"line":70,"column":26},"end":{"line":70,"column":27}},"loc":{"start":{"line":70,"column":56},"end":{"line":91,"column":3}},"line":70},"3":{"name":"(anonymous_3)","decl":{"start":{"line":93,"column":22},"end":{"line":93,"column":23}},"loc":{"start":{"line":93,"column":28},"end":{"line":98,"column":3}},"line":93},"4":{"name":"(anonymous_4)","decl":{"start":{"line":100,"column":25},"end":{"line":100,"column":26}},"loc":{"start":{"line":100,"column":37},"end":{"line":109,"column":3}},"line":100},"5":{"name":"(anonymous_5)","decl":{"start":{"line":111,"column":23},"end":{"line":111,"column":24}},"loc":{"start":{"line":111,"column":35},"end":{"line":119,"column":3}},"line":111},"6":{"name":"(anonymous_6)","decl":{"start":{"line":121,"column":25},"end":{"line":121,"column":26}},"loc":{"start":{"line":121,"column":37},"end":{"line":125,"column":3}},"line":121},"7":{"name":"(anonymous_7)","decl":{"start":{"line":186,"column":27},"end":{"line":186,"column":28}},"loc":{"start":{"line":187,"column":14},"end":{"line":195,"column":21}},"line":187}},"branchMap":{"0":{"loc":{"start":{"line":70,"column":33},"end":{"line":70,"column":51}},"type":"default-arg","locations":[{"start":{"line":70,"column":47},"end":{"line":70,"column":51}}],"line":70},"1":{"loc":{"start":{"line":71,"column":4},"end":{"line":73,"column":5}},"type":"if","locations":[{"start":{"line":71,"column":4},"end":{"line":73,"column":5}},{"start":{},"end":{}}],"line":71},"2":{"loc":{"start":{"line":77,"column":6},"end":{"line":82,"column":7}},"type":"if","locations":[{"start":{"line":77,"column":6},"end":{"line":82,"column":7}},{"start":{"line":80,"column":13},"end":{"line":82,"column":7}}],"line":77},"3":{"loc":{"start":{"line":87,"column":6},"end":{"line":89,"column":7}},"type":"if","locations":[{"start":{"line":87,"column":6},"end":{"line":89,"column":7}},{"start":{},"end":{}}],"line":87},"4":{"loc":{"start":{"line":95,"column":4},"end":{"line":95,"column":41}},"type":"if","locations":[{"start":{"line":95,"column":4},"end":{"line":95,"column":41}},{"start":{},"end":{}}],"line":95},"5":{"loc":{"start":{"line":96,"column":4},"end":{"line":96,"column":43}},"type":"if","locations":[{"start":{"line":96,"column":4},"end":{"line":96,"column":43}},{"start":{},"end":{}}],"line":96},"6":{"loc":{"start":{"line":101,"column":24},"end":{"line":101,"column":62}},"type":"cond-expr","locations":[{"start":{"line":101,"column":51},"end":{"line":101,"column":55}},{"start":{"line":101,"column":58},"end":{"line":101,"column":62}}],"line":101},"7":{"loc":{"start":{"line":136,"column":37},"end":{"line":136,"column":78}},"type":"binary-expr","locations":[{"start":{"line":136,"column":37},"end":{"line":136,"column":42}},{"start":{"line":136,"column":46},"end":{"line":136,"column":78}}],"line":136},"8":{"loc":{"start":{"line":138,"column":47},"end":{"line":138,"column":78}},"type":"binary-expr","locations":[{"start":{"line":138,"column":47},"end":{"line":138,"column":52}},{"start":{"line":138,"column":56},"end":{"line":138,"column":78}}],"line":138},"9":{"loc":{"start":{"line":139,"column":15},"end":{"line":139,"column":64}},"type":"cond-expr","locations":[{"start":{"line":139,"column":22},"end":{"line":139,"column":39}},{"start":{"line":139,"column":42},"end":{"line":139,"column":64}}],"line":139},"10":{"loc":{"start":{"line":139,"column":68},"end":{"line":139,"column":107}},"type":"binary-expr","locations":[{"start":{"line":139,"column":68},"end":{"line":139,"column":84}},{"start":{"line":139,"column":88},"end":{"line":139,"column":107}}],"line":139},"11":{"loc":{"start":{"line":142,"column":46},"end":{"line":142,"column":87}},"type":"binary-expr","locations":[{"start":{"line":142,"column":46},"end":{"line":142,"column":51}},{"start":{"line":142,"column":55},"end":{"line":142,"column":87}}],"line":142},"12":{"loc":{"start":{"line":145,"column":17},"end":{"line":145,"column":57}},"type":"cond-expr","locations":[{"start":{"line":145,"column":44},"end":{"line":145,"column":50}},{"start":{"line":145,"column":53},"end":{"line":145,"column":57}}],"line":145},"13":{"loc":{"start":{"line":160,"column":40},"end":{"line":160,"column":72}},"type":"binary-expr","locations":[{"start":{"line":160,"column":40},"end":{"line":160,"column":45}},{"start":{"line":160,"column":49},"end":{"line":160,"column":72}}],"line":160},"14":{"loc":{"start":{"line":181,"column":45},"end":{"line":181,"column":76}},"type":"binary-expr","locations":[{"start":{"line":181,"column":45},"end":{"line":181,"column":50}},{"start":{"line":181,"column":54},"end":{"line":181,"column":76}}],"line":181},"15":{"loc":{"start":{"line":189,"column":48},"end":{"line":189,"column":80}},"type":"binary-expr","locations":[{"start":{"line":189,"column":48},"end":{"line":189,"column":53}},{"start":{"line":189,"column":57},"end":{"line":189,"column":80}}],"line":189},"16":{"loc":{"start":{"line":190,"column":19},"end":{"line":190,"column":52}},"type":"cond-expr","locations":[{"start":{"line":190,"column":27},"end":{"line":190,"column":39}},{"start":{"line":190,"column":42},"end":{"line":190,"column":52}}],"line":190},"17":{"loc":{"start":{"line":192,"column":54},"end":{"line":192,"column":86}},"type":"binary-expr","locations":[{"start":{"line":192,"column":54},"end":{"line":192,"column":59}},{"start":{"line":192,"column":63},"end":{"line":192,"column":86}}],"line":192},"18":{"loc":{"start":{"line":193,"column":19},"end":{"line":193,"column":78}},"type":"cond-expr","locations":[{"start":{"line":193,"column":27},"end":{"line":193,"column":59}},{"start":{"line":193,"column":62},"end":{"line":193,"column":78}}],"line":193},"19":{"loc":{"start":{"line":202,"column":45},"end":{"line":202,"column":76}},"type":"binary-expr","locations":[{"start":{"line":202,"column":45},"end":{"line":202,"column":50}},{"start":{"line":202,"column":54},"end":{"line":202,"column":76}}],"line":202},"20":{"loc":{"start":{"line":206,"column":11},"end":{"line":272,"column":11}},"type":"cond-expr","locations":[{"start":{"line":207,"column":12},"end":{"line":211,"column":19}},{"start":{"line":212,"column":14},"end":{"line":272,"column":11}}],"line":206},"21":{"loc":{"start":{"line":212,"column":14},"end":{"line":272,"column":11}},"type":"cond-expr","locations":[{"start":{"line":213,"column":12},"end":{"line":262,"column":19}},{"start":{"line":264,"column":12},"end":{"line":271,"column":19}}],"line":212},"22":{"loc":{"start":{"line":222,"column":21},"end":{"line":224,"column":66}},"type":"cond-expr","locations":[{"start":{"line":222,"column":53},"end":{"line":222,"column":57}},{"start":{"line":223,"column":21},"end":{"line":224,"column":66}}],"line":222},"23":{"loc":{"start":{"line":223,"column":21},"end":{"line":224,"column":66}},"type":"cond-expr","locations":[{"start":{"line":223,"column":54},"end":{"line":223,"column":58}},{"start":{"line":224,"column":21},"end":{"line":224,"column":66}}],"line":223},"24":{"loc":{"start":{"line":224,"column":21},"end":{"line":224,"column":66}},"type":"cond-expr","locations":[{"start":{"line":224,"column":53},"end":{"line":224,"column":58}},{"start":{"line":224,"column":61},"end":{"line":224,"column":66}}],"line":224},"25":{"loc":{"start":{"line":250,"column":26},"end":{"line":251,"column":96}},"type":"cond-expr","locations":[{"start":{"line":250,"column":75},"end":{"line":250,"column":85}},{"start":{"line":251,"column":26},"end":{"line":251,"column":96}}],"line":250},"26":{"loc":{"start":{"line":251,"column":26},"end":{"line":251,"column":96}},"type":"cond-expr","locations":[{"start":{"line":251,"column":73},"end":{"line":251,"column":85}},{"start":{"line":251,"column":88},"end":{"line":251,"column":96}}],"line":251},"27":{"loc":{"start":{"line":253,"column":27},"end":{"line":254,"column":107}},"type":"cond-expr","locations":[{"start":{"line":253,"column":76},"end":{"line":253,"column":90}},{"start":{"line":254,"column":27},"end":{"line":254,"column":107}}],"line":253},"28":{"loc":{"start":{"line":254,"column":27},"end":{"line":254,"column":107}},"type":"cond-expr","locations":[{"start":{"line":254,"column":74},"end":{"line":254,"column":88}},{"start":{"line":254,"column":91},"end":{"line":254,"column":107}}],"line":254},"29":{"loc":{"start":{"line":266,"column":17},"end":{"line":266,"column":85}},"type":"cond-expr","locations":[{"start":{"line":266,"column":25},"end":{"line":266,"column":53}},{"start":{"line":266,"column":56},"end":{"line":266,"column":85}}],"line":266},"30":{"loc":{"start":{"line":277,"column":45},"end":{"line":277,"column":76}},"type":"binary-expr","locations":[{"start":{"line":277,"column":45},"end":{"line":277,"column":50}},{"start":{"line":277,"column":54},"end":{"line":277,"column":76}}],"line":277},"31":{"loc":{"start":{"line":281,"column":46},"end":{"line":281,"column":87}},"type":"binary-expr","locations":[{"start":{"line":281,"column":46},"end":{"line":281,"column":51}},{"start":{"line":281,"column":55},"end":{"line":281,"column":87}}],"line":281},"32":{"loc":{"start":{"line":296,"column":45},"end":{"line":296,"column":76}},"type":"binary-expr","locations":[{"start":{"line":296,"column":45},"end":{"line":296,"column":50}},{"start":{"line":296,"column":54},"end":{"line":296,"column":76}}],"line":296},"33":{"loc":{"start":{"line":301,"column":49},"end":{"line":301,"column":80}},"type":"binary-expr","locations":[{"start":{"line":301,"column":49},"end":{"line":301,"column":54}},{"start":{"line":301,"column":58},"end":{"line":301,"column":80}}],"line":301},"34":{"loc":{"start":{"line":306,"column":44},"end":{"line":306,"column":75}},"type":"binary-expr","locations":[{"start":{"line":306,"column":44},"end":{"line":306,"column":49}},{"start":{"line":306,"column":53},"end":{"line":306,"column":75}}],"line":306},"35":{"loc":{"start":{"line":309,"column":44},"end":{"line":309,"column":75}},"type":"binary-expr","locations":[{"start":{"line":309,"column":44},"end":{"line":309,"column":49}},{"start":{"line":309,"column":53},"end":{"line":309,"column":75}}],"line":309},"36":{"loc":{"start":{"line":693,"column":11},"end":{"line":693,"column":36}},"type":"binary-expr","locations":[{"start":{"line":693,"column":11},"end":{"line":693,"column":23}},{"start":{"line":693,"column":27},"end":{"line":693,"column":36}}],"line":693}},"s":{"0":1,"1":10,"2":10,"3":10,"4":10,"5":10,"6":10,"7":5,"8":10,"9":5,"10":5,"11":5,"12":5,"13":0,"14":0,"15":0,"16":0,"17":5,"18":5,"19":5,"20":10,"21":0,"22":0,"23":0,"24":0,"25":0,"26":0,"27":10,"28":0,"29":0,"30":0,"31":0,"32":0,"33":0,"34":10,"35":0,"36":0,"37":0,"38":0,"39":0,"40":10,"41":0,"42":0,"43":10,"44":40,"45":1},"f":{"0":10,"1":5,"2":5,"3":0,"4":0,"5":0,"6":0,"7":40},"b":{"0":[5],"1":[5,0],"2":[0,0],"3":[5,0],"4":[0,0],"5":[0,0],"6":[0,0],"7":[10,0],"8":[10,0],"9":[0,10],"10":[10,10],"11":[10,0],"12":[10,0],"13":[10,0],"14":[10,0],"15":[40,0],"16":[0,40],"17":[40,0],"18":[0,40],"19":[10,0],"20":[0,10],"21":[0,10],"22":[0,0],"23":[0,0],"24":[0,0],"25":[0,0],"26":[0,0],"27":[0,0],"28":[0,0],"29":[0,10],"30":[10,0],"31":[10,0],"32":[10,0],"33":[10,0],"34":[10,0],"35":[10,0],"36":[1,0]},"_coverageSchema":"1a1c01bbd47fc00a2c39e90264f33305004495a9","hash":"caeef544ff68fbc33d570735bbc13313e6255847"}
,"/Users/ahmedalgohari/Lotus/src/screens/PlantDetailScreen.tsx": {"path":"/Users/ahmedalgohari/Lotus/src/screens/PlantDetailScreen.tsx","statementMap":{"0":{"start":{"line":25,"column":28},"end":{"line":25,"column":56}},"1":{"start":{"line":26,"column":40},"end":{"line":26,"column":65}},"2":{"start":{"line":27,"column":36},"end":{"line":27,"column":50}},"3":{"start":{"line":29,"column":21},"end":{"line":29,"column":36}},"4":{"start":{"line":30,"column":16},"end":{"line":30,"column":26}},"5":{"start":{"line":31,"column":22},"end":{"line":31,"column":49}},"6":{"start":{"line":32,"column":40},"end":{"line":32,"column":50}},"7":{"start":{"line":34,"column":2},"end":{"line":37,"column":16}},"8":{"start":{"line":35,"column":4},"end":{"line":35,"column":23}},"9":{"start":{"line":36,"column":4},"end":{"line":36,"column":22}},"10":{"start":{"line":39,"column":27},"end":{"line":45,"column":3}},"11":{"start":{"line":40,"column":23},"end":{"line":40,"column":57}},"12":{"start":{"line":40,"column":40},"end":{"line":40,"column":56}},"13":{"start":{"line":41,"column":4},"end":{"line":43,"column":5}},"14":{"start":{"line":42,"column":6},"end":{"line":42,"column":27}},"15":{"start":{"line":44,"column":4},"end":{"line":44,"column":24}},"16":{"start":{"line":47,"column":26},"end":{"line":55,"column":3}},"17":{"start":{"line":48,"column":4},"end":{"line":54,"column":5}},"18":{"start":{"line":49,"column":30},"end":{"line":49,"column":68}},"19":{"start":{"line":50,"column":6},"end":{"line":50,"column":29}},"20":{"start":{"line":50,"column":17},"end":{"line":50,"column":29}},"21":{"start":{"line":51,"column":6},"end":{"line":51,"column":37}},"22":{"start":{"line":51,"column":16},"end":{"line":51,"column":37}},"23":{"start":{"line":53,"column":6},"end":{"line":53,"column":58}},"24":{"start":{"line":57,"column":27},"end":{"line":100,"column":3}},"25":{"start":{"line":58,"column":4},"end":{"line":58,"column":32}},"26":{"start":{"line":58,"column":25},"end":{"line":58,"column":32}},"27":{"start":{"line":60,"column":4},"end":{"line":99,"column":5}},"28":{"start":{"line":61,"column":18},"end":{"line":61,"column":42}},"29":{"start":{"line":64,"column":6},"end":{"line":69,"column":9}},"30":{"start":{"line":72,"column":6},"end":{"line":89,"column":7}},"31":{"start":{"line":73,"column":29},"end":{"line":73,"column":39}},"32":{"start":{"line":74,"column":8},"end":{"line":74,"column":57}},"33":{"start":{"line":76,"column":29},"end":{"line":80,"column":9}},"34":{"start":{"line":82,"column":8},"end":{"line":85,"column":11}},"35":{"start":{"line":87,"column":8},"end":{"line":87,"column":44}},"36":{"start":{"line":88,"column":8},"end":{"line":88,"column":31}},"37":{"start":{"line":92,"column":6},"end":{"line":92,"column":30}},"38":{"start":{"line":94,"column":25},"end":{"line":94,"column":94}},"39":{"start":{"line":94,"column":52},"end":{"line":94,"column":73}},"40":{"start":{"line":95,"column":6},"end":{"line":95,"column":78}},"41":{"start":{"line":97,"column":6},"end":{"line":97,"column":59}},"42":{"start":{"line":98,"column":6},"end":{"line":98,"column":78}},"43":{"start":{"line":102,"column":27},"end":{"line":105,"column":3}},"44":{"start":{"line":103,"column":18},"end":{"line":103,"column":65}},"45":{"start":{"line":103,"column":44},"end":{"line":103,"column":64}},"46":{"start":{"line":104,"column":4},"end":{"line":104,"column":42}},"47":{"start":{"line":107,"column":28},"end":{"line":110,"column":3}},"48":{"start":{"line":108,"column":18},"end":{"line":108,"column":68}},"49":{"start":{"line":108,"column":46},"end":{"line":108,"column":67}},"50":{"start":{"line":109,"column":4},"end":{"line":109,"column":43}},"51":{"start":{"line":112,"column":25},"end":{"line":119,"column":3}},"52":{"start":{"line":113,"column":4},"end":{"line":118,"column":5}},"53":{"start":{"line":114,"column":22},"end":{"line":114,"column":44}},"54":{"start":{"line":115,"column":30},"end":{"line":115,"column":52}},"55":{"start":{"line":116,"column":23},"end":{"line":116,"column":43}},"56":{"start":{"line":117,"column":15},"end":{"line":117,"column":43}},"57":{"start":{"line":121,"column":31},"end":{"line":128,"column":3}},"58":{"start":{"line":122,"column":4},"end":{"line":122,"column":46}},"59":{"start":{"line":122,"column":34},"end":{"line":122,"column":46}},"60":{"start":{"line":123,"column":18},"end":{"line":123,"column":28}},"61":{"start":{"line":124,"column":25},"end":{"line":124,"column":57}},"62":{"start":{"line":125,"column":21},"end":{"line":125,"column":61}},"63":{"start":{"line":126,"column":21},"end":{"line":126,"column":64}},"64":{"start":{"line":127,"column":4},"end":{"line":127,"column":20}},"65":{"start":{"line":130,"column":21},"end":{"line":137,"column":3}},"66":{"start":{"line":131,"column":17},"end":{"line":131,"column":37}},"67":{"start":{"line":132,"column":4},"end":{"line":136,"column":7}},"68":{"start":{"line":139,"column":21},"end":{"line":146,"column":3}},"69":{"start":{"line":140,"column":17},"end":{"line":140,"column":37}},"70":{"start":{"line":141,"column":4},"end":{"line":145,"column":7}},"71":{"start":{"line":148,"column":2},"end":{"line":156,"column":3}},"72":{"start":{"line":149,"column":4},"end":{"line":155,"column":6}},"73":{"start":{"line":158,"column":28},"end":{"line":158,"column":50}},"74":{"start":{"line":160,"column":2},"end":{"line":352,"column":4}},"75":{"start":{"line":165,"column":43},"end":{"line":165,"column":62}},"76":{"start":{"line":206,"column":31},"end":{"line":206,"column":56}},"77":{"start":{"line":214,"column":31},"end":{"line":214,"column":60}},"78":{"start":{"line":222,"column":31},"end":{"line":222,"column":56}},"79":{"start":{"line":230,"column":31},"end":{"line":230,"column":56}},"80":{"start":{"line":269,"column":20},"end":{"line":275,"column":22}},"81":{"start":{"line":328,"column":36},"end":{"line":328,"column":92}},"82":{"start":{"line":328,"column":63},"end":{"line":328,"column":91}},"83":{"start":{"line":329,"column":18},"end":{"line":342,"column":20}},"84":{"start":{"line":355,"column":15},"end":{"line":595,"column":2}}},"fnMap":{"0":{"name":"PlantDetailScreen","decl":{"start":{"line":24,"column":24},"end":{"line":24,"column":41}},"loc":{"start":{"line":24,"column":44},"end":{"line":353,"column":1}},"line":24},"1":{"name":"(anonymous_1)","decl":{"start":{"line":34,"column":12},"end":{"line":34,"column":13}},"loc":{"start":{"line":34,"column":18},"end":{"line":37,"column":3}},"line":34},"2":{"name":"(anonymous_2)","decl":{"start":{"line":39,"column":27},"end":{"line":39,"column":28}},"loc":{"start":{"line":39,"column":33},"end":{"line":45,"column":3}},"line":39},"3":{"name":"(anonymous_3)","decl":{"start":{"line":40,"column":35},"end":{"line":40,"column":36}},"loc":{"start":{"line":40,"column":40},"end":{"line":40,"column":56}},"line":40},"4":{"name":"(anonymous_4)","decl":{"start":{"line":47,"column":26},"end":{"line":47,"column":27}},"loc":{"start":{"line":47,"column":38},"end":{"line":55,"column":3}},"line":47},"5":{"name":"(anonymous_5)","decl":{"start":{"line":57,"column":27},"end":{"line":57,"column":28}},"loc":{"start":{"line":57,"column":91},"end":{"line":100,"column":3}},"line":57},"6":{"name":"(anonymous_6)","decl":{"start":{"line":94,"column":47},"end":{"line":94,"column":48}},"loc":{"start":{"line":94,"column":52},"end":{"line":94,"column":73}},"line":94},"7":{"name":"(anonymous_7)","decl":{"start":{"line":102,"column":27},"end":{"line":102,"column":28}},"loc":{"start":{"line":102,"column":49},"end":{"line":105,"column":3}},"line":102},"8":{"name":"(anonymous_8)","decl":{"start":{"line":103,"column":39},"end":{"line":103,"column":40}},"loc":{"start":{"line":103,"column":44},"end":{"line":103,"column":64}},"line":103},"9":{"name":"(anonymous_9)","decl":{"start":{"line":107,"column":28},"end":{"line":107,"column":29}},"loc":{"start":{"line":107,"column":51},"end":{"line":110,"column":3}},"line":107},"10":{"name":"(anonymous_10)","decl":{"start":{"line":108,"column":41},"end":{"line":108,"column":42}},"loc":{"start":{"line":108,"column":46},"end":{"line":108,"column":67}},"line":108},"11":{"name":"(anonymous_11)","decl":{"start":{"line":112,"column":25},"end":{"line":112,"column":26}},"loc":{"start":{"line":112,"column":45},"end":{"line":119,"column":3}},"line":112},"12":{"name":"(anonymous_12)","decl":{"start":{"line":121,"column":31},"end":{"line":121,"column":32}},"loc":{"start":{"line":121,"column":37},"end":{"line":128,"column":3}},"line":121},"13":{"name":"(anonymous_13)","decl":{"start":{"line":130,"column":21},"end":{"line":130,"column":22}},"loc":{"start":{"line":130,"column":45},"end":{"line":137,"column":3}},"line":130},"14":{"name":"(anonymous_14)","decl":{"start":{"line":139,"column":21},"end":{"line":139,"column":22}},"loc":{"start":{"line":139,"column":45},"end":{"line":146,"column":3}},"line":139},"15":{"name":"(anonymous_15)","decl":{"start":{"line":165,"column":37},"end":{"line":165,"column":38}},"loc":{"start":{"line":165,"column":43},"end":{"line":165,"column":62}},"line":165},"16":{"name":"(anonymous_16)","decl":{"start":{"line":206,"column":25},"end":{"line":206,"column":26}},"loc":{"start":{"line":206,"column":31},"end":{"line":206,"column":56}},"line":206},"17":{"name":"(anonymous_17)","decl":{"start":{"line":214,"column":25},"end":{"line":214,"column":26}},"loc":{"start":{"line":214,"column":31},"end":{"line":214,"column":60}},"line":214},"18":{"name":"(anonymous_18)","decl":{"start":{"line":222,"column":25},"end":{"line":222,"column":26}},"loc":{"start":{"line":222,"column":31},"end":{"line":222,"column":56}},"line":222},"19":{"name":"(anonymous_19)","decl":{"start":{"line":230,"column":25},"end":{"line":230,"column":26}},"loc":{"start":{"line":230,"column":31},"end":{"line":230,"column":56}},"line":230},"20":{"name":"(anonymous_20)","decl":{"start":{"line":268,"column":37},"end":{"line":268,"column":38}},"loc":{"start":{"line":269,"column":20},"end":{"line":275,"column":22}},"line":269},"21":{"name":"(anonymous_21)","decl":{"start":{"line":327,"column":46},"end":{"line":327,"column":47}},"loc":{"start":{"line":327,"column":57},"end":{"line":343,"column":17}},"line":327},"22":{"name":"(anonymous_22)","decl":{"start":{"line":328,"column":58},"end":{"line":328,"column":59}},"loc":{"start":{"line":328,"column":63},"end":{"line":328,"column":91}},"line":328}},"branchMap":{"0":{"loc":{"start":{"line":41,"column":4},"end":{"line":43,"column":5}},"type":"if","locations":[{"start":{"line":41,"column":4},"end":{"line":43,"column":5}},{"start":{},"end":{}}],"line":41},"1":{"loc":{"start":{"line":50,"column":6},"end":{"line":50,"column":29}},"type":"if","locations":[{"start":{"line":50,"column":6},"end":{"line":50,"column":29}},{"start":{},"end":{}}],"line":50},"2":{"loc":{"start":{"line":51,"column":6},"end":{"line":51,"column":37}},"type":"if","locations":[{"start":{"line":51,"column":6},"end":{"line":51,"column":37}},{"start":{},"end":{}}],"line":51},"3":{"loc":{"start":{"line":58,"column":4},"end":{"line":58,"column":32}},"type":"if","locations":[{"start":{"line":58,"column":4},"end":{"line":58,"column":32}},{"start":{},"end":{}}],"line":58},"4":{"loc":{"start":{"line":58,"column":8},"end":{"line":58,"column":23}},"type":"binary-expr","locations":[{"start":{"line":58,"column":8},"end":{"line":58,"column":14}},{"start":{"line":58,"column":18},"end":{"line":58,"column":23}}],"line":58},"5":{"loc":{"start":{"line":72,"column":6},"end":{"line":89,"column":7}},"type":"if","locations":[{"start":{"line":72,"column":6},"end":{"line":89,"column":7}},{"start":{},"end":{}}],"line":72},"6":{"loc":{"start":{"line":94,"column":25},"end":{"line":94,"column":94}},"type":"binary-expr","locations":[{"start":{"line":94,"column":25},"end":{"line":94,"column":81}},{"start":{"line":94,"column":85},"end":{"line":94,"column":94}}],"line":94},"7":{"loc":{"start":{"line":104,"column":11},"end":{"line":104,"column":41}},"type":"cond-expr","locations":[{"start":{"line":104,"column":19},"end":{"line":104,"column":30}},{"start":{"line":104,"column":33},"end":{"line":104,"column":41}}],"line":104},"8":{"loc":{"start":{"line":109,"column":11},"end":{"line":109,"column":42}},"type":"cond-expr","locations":[{"start":{"line":109,"column":19},"end":{"line":109,"column":30}},{"start":{"line":109,"column":33},"end":{"line":109,"column":42}}],"line":109},"9":{"loc":{"start":{"line":113,"column":4},"end":{"line":118,"column":5}},"type":"switch","locations":[{"start":{"line":114,"column":6},"end":{"line":114,"column":44}},{"start":{"line":115,"column":6},"end":{"line":115,"column":52}},{"start":{"line":116,"column":6},"end":{"line":116,"column":43}},{"start":{"line":117,"column":6},"end":{"line":117,"column":43}}],"line":113},"10":{"loc":{"start":{"line":122,"column":4},"end":{"line":122,"column":46}},"type":"if","locations":[{"start":{"line":122,"column":4},"end":{"line":122,"column":46}},{"start":{},"end":{}}],"line":122},"11":{"loc":{"start":{"line":148,"column":2},"end":{"line":156,"column":3}},"type":"if","locations":[{"start":{"line":148,"column":2},"end":{"line":156,"column":3}},{"start":{},"end":{}}],"line":148},"12":{"loc":{"start":{"line":148,"column":6},"end":{"line":148,"column":25}},"type":"binary-expr","locations":[{"start":{"line":148,"column":6},"end":{"line":148,"column":15}},{"start":{"line":148,"column":19},"end":{"line":148,"column":25}}],"line":148},"13":{"loc":{"start":{"line":176,"column":11},"end":{"line":182,"column":11}},"type":"cond-expr","locations":[{"start":{"line":177,"column":12},"end":{"line":177,"column":81}},{"start":{"line":179,"column":12},"end":{"line":181,"column":19}}],"line":176},"14":{"loc":{"start":{"line":186,"column":15},"end":{"line":186,"column":61}},"type":"binary-expr","locations":[{"start":{"line":186,"column":15},"end":{"line":186,"column":48}},{"start":{"line":186,"column":52},"end":{"line":186,"column":61}}],"line":186},"15":{"loc":{"start":{"line":187,"column":15},"end":{"line":187,"column":72}},"type":"binary-expr","locations":[{"start":{"line":187,"column":15},"end":{"line":187,"column":56}},{"start":{"line":187,"column":60},"end":{"line":187,"column":72}}],"line":187},"16":{"loc":{"start":{"line":188,"column":15},"end":{"line":188,"column":63}},"type":"binary-expr","locations":[{"start":{"line":188,"column":15},"end":{"line":188,"column":49}},{"start":{"line":188,"column":53},"end":{"line":188,"column":63}}],"line":188},"17":{"loc":{"start":{"line":245,"column":19},"end":{"line":245,"column":86}},"type":"cond-expr","locations":[{"start":{"line":245,"column":43},"end":{"line":245,"column":76}},{"start":{"line":245,"column":79},"end":{"line":245,"column":86}}],"line":245},"18":{"loc":{"start":{"line":253,"column":18},"end":{"line":253,"column":96}},"type":"binary-expr","locations":[{"start":{"line":253,"column":18},"end":{"line":253,"column":44}},{"start":{"line":253,"column":48},"end":{"line":253,"column":70}},{"start":{"line":253,"column":74},"end":{"line":253,"column":96}}],"line":253},"19":{"loc":{"start":{"line":255,"column":19},"end":{"line":261,"column":19}},"type":"cond-expr","locations":[{"start":{"line":256,"column":20},"end":{"line":258,"column":50}},{"start":{"line":260,"column":20},"end":{"line":260,"column":29}}],"line":255},"20":{"loc":{"start":{"line":256,"column":20},"end":{"line":258,"column":50}},"type":"cond-expr","locations":[{"start":{"line":256,"column":45},"end":{"line":256,"column":51}},{"start":{"line":257,"column":20},"end":{"line":258,"column":50}}],"line":256},"21":{"loc":{"start":{"line":257,"column":20},"end":{"line":258,"column":50}},"type":"cond-expr","locations":[{"start":{"line":257,"column":46},"end":{"line":257,"column":56}},{"start":{"line":258,"column":20},"end":{"line":258,"column":50}}],"line":257},"22":{"loc":{"start":{"line":273,"column":24},"end":{"line":273,"column":90}},"type":"binary-expr","locations":[{"start":{"line":273,"column":24},"end":{"line":273,"column":62}},{"start":{"line":273,"column":66},"end":{"line":273,"column":90}}],"line":273},"23":{"loc":{"start":{"line":273,"column":38},"end":{"line":273,"column":60}},"type":"binary-expr","locations":[{"start":{"line":273,"column":38},"end":{"line":273,"column":55}},{"start":{"line":273,"column":59},"end":{"line":273,"column":60}}],"line":273},"24":{"loc":{"start":{"line":318,"column":13},"end":{"line":345,"column":13}},"type":"cond-expr","locations":[{"start":{"line":319,"column":14},"end":{"line":324,"column":21}},{"start":{"line":326,"column":14},"end":{"line":344,"column":21}}],"line":318},"25":{"loc":{"start":{"line":331,"column":56},"end":{"line":331,"column":79}},"type":"binary-expr","locations":[{"start":{"line":331,"column":56},"end":{"line":331,"column":72}},{"start":{"line":331,"column":76},"end":{"line":331,"column":79}}],"line":331},"26":{"loc":{"start":{"line":334,"column":27},"end":{"line":334,"column":63}},"type":"binary-expr","locations":[{"start":{"line":334,"column":27},"end":{"line":334,"column":43}},{"start":{"line":334,"column":47},"end":{"line":334,"column":63}}],"line":334}},"s":{"0":0,"1":0,"2":0,"3":0,"4":0,"5":0,"6":0,"7":0,"8":0,"9":0,"10":0,"11":0,"12":0,"13":0,"14":0,"15":0,"16":0,"17":0,"18":0,"19":0,"20":0,"21":0,"22":0,"23":0,"24":0,"25":0,"26":0,"27":0,"28":0,"29":0,"30":0,"31":0,"32":0,"33":0,"34":0,"35":0,"36":0,"37":0,"38":0,"39":0,"40":0,"41":0,"42":0,"43":0,"44":0,"45":0,"46":0,"47":0,"48":0,"49":0,"50":0,"51":0,"52":0,"53":0,"54":0,"55":0,"56":0,"57":0,"58":0,"59":0,"60":0,"61":0,"62":0,"63":0,"64":0,"65":0,"66":0,"67":0,"68":0,"69":0,"70":0,"71":0,"72":0,"73":0,"74":0,"75":0,"76":0,"77":0,"78":0,"79":0,"80":0,"81":0,"82":0,"83":0,"84":0},"f":{"0":0,"1":0,"2":0,"3":0,"4":0,"5":0,"6":0,"7":0,"8":0,"9":0,"10":0,"11":0,"12":0,"13":0,"14":0,"15":0,"16":0,"17":0,"18":0,"19":0,"20":0,"21":0,"22":0},"b":{"0":[0,0],"1":[0,0],"2":[0,0],"3":[0,0],"4":[0,0],"5":[0,0],"6":[0,0],"7":[0,0],"8":[0,0],"9":[0,0,0,0],"10":[0,0],"11":[0,0],"12":[0,0],"13":[0,0],"14":[0,0],"15":[0,0],"16":[0,0],"17":[0,0],"18":[0,0,0],"19":[0,0],"20":[0,0],"21":[0,0],"22":[0,0],"23":[0,0],"24":[0,0],"25":[0,0],"26":[0,0]}}
,"/Users/ahmedalgohari/Lotus/src/screens/PlantsScreen.tsx": {"path":"/Users/ahmedalgohari/Lotus/src/screens/PlantsScreen.tsx","statementMap":{"0":{"start":{"line":22,"column":38},"end":{"line":22,"column":53}},"1":{"start":{"line":23,"column":40},"end":{"line":23,"column":51}},"2":{"start":{"line":25,"column":51},"end":{"line":25,"column":61}},"3":{"start":{"line":26,"column":21},"end":{"line":26,"column":36}},"4":{"start":{"line":28,"column":2},"end":{"line":31,"column":13}},"5":{"start":{"line":29,"column":4},"end":{"line":29,"column":17}},"6":{"start":{"line":30,"column":4},"end":{"line":30,"column":27}},"7":{"start":{"line":33,"column":21},"end":{"line":43,"column":3}},"8":{"start":{"line":34,"column":4},"end":{"line":34,"column":22}},"9":{"start":{"line":34,"column":15},"end":{"line":34,"column":22}},"10":{"start":{"line":36,"column":4},"end":{"line":42,"column":5}},"11":{"start":{"line":37,"column":30},"end":{"line":37,"column":64}},"12":{"start":{"line":38,"column":6},"end":{"line":38,"column":29}},"13":{"start":{"line":38,"column":17},"end":{"line":38,"column":29}},"14":{"start":{"line":39,"column":6},"end":{"line":39,"column":32}},"15":{"start":{"line":39,"column":16},"end":{"line":39,"column":32}},"16":{"start":{"line":41,"column":6},"end":{"line":41,"column":52}},"17":{"start":{"line":45,"column":31},"end":{"line":53,"column":3}},"18":{"start":{"line":46,"column":18},"end":{"line":46,"column":28}},"19":{"start":{"line":47,"column":23},"end":{"line":51,"column":13}},"20":{"start":{"line":48,"column":6},"end":{"line":48,"column":48}},"21":{"start":{"line":48,"column":35},"end":{"line":48,"column":48}},"22":{"start":{"line":49,"column":27},"end":{"line":49,"column":59}},"23":{"start":{"line":50,"column":6},"end":{"line":50,"column":35}},"24":{"start":{"line":52,"column":4},"end":{"line":52,"column":31}},"25":{"start":{"line":55,"column":20},"end":{"line":60,"column":3}},"26":{"start":{"line":56,"column":4},"end":{"line":56,"column":24}},"27":{"start":{"line":57,"column":4},"end":{"line":57,"column":23}},"28":{"start":{"line":58,"column":4},"end":{"line":58,"column":27}},"29":{"start":{"line":59,"column":4},"end":{"line":59,"column":25}},"30":{"start":{"line":62,"column":28},"end":{"line":84,"column":3}},"31":{"start":{"line":63,"column":4},"end":{"line":83,"column":6}},"32":{"start":{"line":72,"column":12},"end":{"line":79,"column":13}},"33":{"start":{"line":73,"column":32},"end":{"line":73,"column":68}},"34":{"start":{"line":74,"column":14},"end":{"line":74,"column":37}},"35":{"start":{"line":74,"column":25},"end":{"line":74,"column":37}},"36":{"start":{"line":75,"column":14},"end":{"line":75,"column":35}},"37":{"start":{"line":77,"column":14},"end":{"line":77,"column":60}},"38":{"start":{"line":78,"column":14},"end":{"line":78,"column":80}},"39":{"start":{"line":86,"column":32},"end":{"line":88,"column":3}},"40":{"start":{"line":87,"column":4},"end":{"line":87,"column":80}},"41":{"start":{"line":90,"column":29},"end":{"line":92,"column":3}},"42":{"start":{"line":91,"column":4},"end":{"line":91,"column":41}},"43":{"start":{"line":94,"column":27},"end":{"line":97,"column":3}},"44":{"start":{"line":95,"column":18},"end":{"line":95,"column":65}},"45":{"start":{"line":95,"column":44},"end":{"line":95,"column":64}},"46":{"start":{"line":96,"column":4},"end":{"line":96,"column":42}},"47":{"start":{"line":99,"column":34},"end":{"line":102,"column":3}},"48":{"start":{"line":100,"column":18},"end":{"line":100,"column":68}},"49":{"start":{"line":100,"column":46},"end":{"line":100,"column":67}},"50":{"start":{"line":101,"column":4},"end":{"line":101,"column":38}},"51":{"start":{"line":104,"column":25},"end":{"line":111,"column":3}},"52":{"start":{"line":105,"column":4},"end":{"line":110,"column":5}},"53":{"start":{"line":106,"column":22},"end":{"line":106,"column":44}},"54":{"start":{"line":107,"column":30},"end":{"line":107,"column":52}},"55":{"start":{"line":108,"column":23},"end":{"line":108,"column":43}},"56":{"start":{"line":109,"column":15},"end":{"line":109,"column":43}},"57":{"start":{"line":113,"column":31},"end":{"line":119,"column":3}},"58":{"start":{"line":114,"column":18},"end":{"line":114,"column":28}},"59":{"start":{"line":115,"column":25},"end":{"line":115,"column":47}},"60":{"start":{"line":116,"column":21},"end":{"line":116,"column":61}},"61":{"start":{"line":117,"column":21},"end":{"line":117,"column":64}},"62":{"start":{"line":118,"column":4},"end":{"line":118,"column":20}},"63":{"start":{"line":121,"column":25},"end":{"line":173,"column":3}},"64":{"start":{"line":122,"column":31},"end":{"line":126,"column":6}},"65":{"start":{"line":123,"column":6},"end":{"line":123,"column":48}},"66":{"start":{"line":123,"column":35},"end":{"line":123,"column":48}},"67":{"start":{"line":124,"column":27},"end":{"line":124,"column":59}},"68":{"start":{"line":125,"column":6},"end":{"line":125,"column":40}},"69":{"start":{"line":128,"column":4},"end":{"line":131,"column":5}},"70":{"start":{"line":129,"column":6},"end":{"line":129,"column":59}},"71":{"start":{"line":130,"column":6},"end":{"line":130,"column":13}},"72":{"start":{"line":133,"column":4},"end":{"line":172,"column":6}},"73":{"start":{"line":141,"column":12},"end":{"line":168,"column":13}},"74":{"start":{"line":142,"column":14},"end":{"line":160,"column":15}},"75":{"start":{"line":143,"column":30},"end":{"line":143,"column":54}},"76":{"start":{"line":145,"column":37},"end":{"line":145,"column":47}},"77":{"start":{"line":146,"column":16},"end":{"line":146,"column":65}},"78":{"start":{"line":148,"column":16},"end":{"line":151,"column":19}},"79":{"start":{"line":154,"column":16},"end":{"line":159,"column":19}},"80":{"start":{"line":162,"column":14},"end":{"line":162,"column":33}},"81":{"start":{"line":163,"column":14},"end":{"line":163,"column":37}},"82":{"start":{"line":164,"column":14},"end":{"line":164,"column":51}},"83":{"start":{"line":166,"column":14},"end":{"line":166,"column":61}},"84":{"start":{"line":167,"column":14},"end":{"line":167,"column":68}},"85":{"start":{"line":175,"column":2},"end":{"line":183,"column":3}},"86":{"start":{"line":176,"column":4},"end":{"line":182,"column":6}},"87":{"start":{"line":185,"column":2},"end":{"line":305,"column":4}},"88":{"start":{"line":237,"column":14},"end":{"line":288,"column":33}},"89":{"start":{"line":240,"column":31},"end":{"line":240,"column":59}},"90":{"start":{"line":241,"column":35},"end":{"line":241,"column":78}},"91":{"start":{"line":265,"column":41},"end":{"line":265,"column":85}},"92":{"start":{"line":266,"column":28},"end":{"line":266,"column":56}},"93":{"start":{"line":266,"column":43},"end":{"line":266,"column":56}},"94":{"start":{"line":267,"column":28},"end":{"line":267,"column":56}},"95":{"start":{"line":267,"column":44},"end":{"line":267,"column":56}},"96":{"start":{"line":268,"column":28},"end":{"line":268,"column":46}},"97":{"start":{"line":308,"column":15},"end":{"line":526,"column":2}}},"fnMap":{"0":{"name":"PlantsScreen","decl":{"start":{"line":21,"column":24},"end":{"line":21,"column":36}},"loc":{"start":{"line":21,"column":39},"end":{"line":306,"column":1}},"line":21},"1":{"name":"(anonymous_1)","decl":{"start":{"line":28,"column":12},"end":{"line":28,"column":13}},"loc":{"start":{"line":28,"column":18},"end":{"line":31,"column":3}},"line":28},"2":{"name":"(anonymous_2)","decl":{"start":{"line":33,"column":21},"end":{"line":33,"column":22}},"loc":{"start":{"line":33,"column":33},"end":{"line":43,"column":3}},"line":33},"3":{"name":"(anonymous_3)","decl":{"start":{"line":45,"column":31},"end":{"line":45,"column":32}},"loc":{"start":{"line":45,"column":37},"end":{"line":53,"column":3}},"line":45},"4":{"name":"(anonymous_4)","decl":{"start":{"line":47,"column":37},"end":{"line":47,"column":38}},"loc":{"start":{"line":47,"column":46},"end":{"line":51,"column":5}},"line":47},"5":{"name":"(anonymous_5)","decl":{"start":{"line":55,"column":20},"end":{"line":55,"column":21}},"loc":{"start":{"line":55,"column":32},"end":{"line":60,"column":3}},"line":55},"6":{"name":"(anonymous_6)","decl":{"start":{"line":62,"column":28},"end":{"line":62,"column":29}},"loc":{"start":{"line":62,"column":68},"end":{"line":84,"column":3}},"line":62},"7":{"name":"(anonymous_7)","decl":{"start":{"line":71,"column":19},"end":{"line":71,"column":20}},"loc":{"start":{"line":71,"column":31},"end":{"line":80,"column":11}},"line":71},"8":{"name":"(anonymous_8)","decl":{"start":{"line":86,"column":32},"end":{"line":86,"column":33}},"loc":{"start":{"line":86,"column":50},"end":{"line":88,"column":3}},"line":86},"9":{"name":"(anonymous_9)","decl":{"start":{"line":90,"column":29},"end":{"line":90,"column":30}},"loc":{"start":{"line":90,"column":35},"end":{"line":92,"column":3}},"line":90},"10":{"name":"(anonymous_10)","decl":{"start":{"line":94,"column":27},"end":{"line":94,"column":28}},"loc":{"start":{"line":94,"column":49},"end":{"line":97,"column":3}},"line":94},"11":{"name":"(anonymous_11)","decl":{"start":{"line":95,"column":39},"end":{"line":95,"column":40}},"loc":{"start":{"line":95,"column":44},"end":{"line":95,"column":64}},"line":95},"12":{"name":"(anonymous_12)","decl":{"start":{"line":99,"column":34},"end":{"line":99,"column":35}},"loc":{"start":{"line":99,"column":57},"end":{"line":102,"column":3}},"line":99},"13":{"name":"(anonymous_13)","decl":{"start":{"line":100,"column":41},"end":{"line":100,"column":42}},"loc":{"start":{"line":100,"column":46},"end":{"line":100,"column":67}},"line":100},"14":{"name":"(anonymous_14)","decl":{"start":{"line":104,"column":25},"end":{"line":104,"column":26}},"loc":{"start":{"line":104,"column":45},"end":{"line":111,"column":3}},"line":104},"15":{"name":"(anonymous_15)","decl":{"start":{"line":113,"column":31},"end":{"line":113,"column":32}},"loc":{"start":{"line":113,"column":57},"end":{"line":119,"column":3}},"line":113},"16":{"name":"(anonymous_16)","decl":{"start":{"line":121,"column":25},"end":{"line":121,"column":26}},"loc":{"start":{"line":121,"column":37},"end":{"line":173,"column":3}},"line":121},"17":{"name":"(anonymous_17)","decl":{"start":{"line":122,"column":45},"end":{"line":122,"column":46}},"loc":{"start":{"line":122,"column":54},"end":{"line":126,"column":5}},"line":122},"18":{"name":"(anonymous_18)","decl":{"start":{"line":140,"column":19},"end":{"line":140,"column":20}},"loc":{"start":{"line":140,"column":31},"end":{"line":169,"column":11}},"line":140},"19":{"name":"(anonymous_19)","decl":{"start":{"line":236,"column":24},"end":{"line":236,"column":25}},"loc":{"start":{"line":237,"column":14},"end":{"line":288,"column":33}},"line":237},"20":{"name":"(anonymous_20)","decl":{"start":{"line":240,"column":25},"end":{"line":240,"column":26}},"loc":{"start":{"line":240,"column":31},"end":{"line":240,"column":59}},"line":240},"21":{"name":"(anonymous_21)","decl":{"start":{"line":241,"column":29},"end":{"line":241,"column":30}},"loc":{"start":{"line":241,"column":35},"end":{"line":241,"column":78}},"line":241},"22":{"name":"(anonymous_22)","decl":{"start":{"line":264,"column":27},"end":{"line":264,"column":28}},"loc":{"start":{"line":264,"column":33},"end":{"line":269,"column":27}},"line":264}},"branchMap":{"0":{"loc":{"start":{"line":34,"column":4},"end":{"line":34,"column":22}},"type":"if","locations":[{"start":{"line":34,"column":4},"end":{"line":34,"column":22}},{"start":{},"end":{}}],"line":34},"1":{"loc":{"start":{"line":38,"column":6},"end":{"line":38,"column":29}},"type":"if","locations":[{"start":{"line":38,"column":6},"end":{"line":38,"column":29}},{"start":{},"end":{}}],"line":38},"2":{"loc":{"start":{"line":39,"column":6},"end":{"line":39,"column":32}},"type":"if","locations":[{"start":{"line":39,"column":6},"end":{"line":39,"column":32}},{"start":{},"end":{}}],"line":39},"3":{"loc":{"start":{"line":48,"column":6},"end":{"line":48,"column":48}},"type":"if","locations":[{"start":{"line":48,"column":6},"end":{"line":48,"column":48}},{"start":{},"end":{}}],"line":48},"4":{"loc":{"start":{"line":74,"column":14},"end":{"line":74,"column":37}},"type":"if","locations":[{"start":{"line":74,"column":14},"end":{"line":74,"column":37}},{"start":{},"end":{}}],"line":74},"5":{"loc":{"start":{"line":96,"column":11},"end":{"line":96,"column":41}},"type":"cond-expr","locations":[{"start":{"line":96,"column":19},"end":{"line":96,"column":30}},{"start":{"line":96,"column":33},"end":{"line":96,"column":41}}],"line":96},"6":{"loc":{"start":{"line":101,"column":11},"end":{"line":101,"column":37}},"type":"cond-expr","locations":[{"start":{"line":101,"column":19},"end":{"line":101,"column":30}},{"start":{"line":101,"column":33},"end":{"line":101,"column":37}}],"line":101},"7":{"loc":{"start":{"line":105,"column":4},"end":{"line":110,"column":5}},"type":"switch","locations":[{"start":{"line":106,"column":6},"end":{"line":106,"column":44}},{"start":{"line":107,"column":6},"end":{"line":107,"column":52}},{"start":{"line":108,"column":6},"end":{"line":108,"column":43}},{"start":{"line":109,"column":6},"end":{"line":109,"column":43}}],"line":105},"8":{"loc":{"start":{"line":123,"column":6},"end":{"line":123,"column":48}},"type":"if","locations":[{"start":{"line":123,"column":6},"end":{"line":123,"column":48}},{"start":{},"end":{}}],"line":123},"9":{"loc":{"start":{"line":128,"column":4},"end":{"line":131,"column":5}},"type":"if","locations":[{"start":{"line":128,"column":4},"end":{"line":131,"column":5}},{"start":{},"end":{}}],"line":128},"10":{"loc":{"start":{"line":175,"column":2},"end":{"line":183,"column":3}},"type":"if","locations":[{"start":{"line":175,"column":2},"end":{"line":183,"column":3}},{"start":{},"end":{}}],"line":175},"11":{"loc":{"start":{"line":206,"column":9},"end":{"line":218,"column":9}},"type":"binary-expr","locations":[{"start":{"line":206,"column":9},"end":{"line":206,"column":24}},{"start":{"line":207,"column":10},"end":{"line":217,"column":17}}],"line":206},"12":{"loc":{"start":{"line":211,"column":36},"end":{"line":211,"column":62}},"type":"cond-expr","locations":[{"start":{"line":211,"column":54},"end":{"line":211,"column":57}},{"start":{"line":211,"column":60},"end":{"line":211,"column":62}}],"line":211},"13":{"loc":{"start":{"line":221,"column":9},"end":{"line":300,"column":9}},"type":"cond-expr","locations":[{"start":{"line":222,"column":10},"end":{"line":233,"column":17}},{"start":{"line":235,"column":10},"end":{"line":299,"column":17}}],"line":221},"14":{"loc":{"start":{"line":243,"column":17},"end":{"line":249,"column":17}},"type":"cond-expr","locations":[{"start":{"line":244,"column":18},"end":{"line":244,"column":87}},{"start":{"line":246,"column":18},"end":{"line":248,"column":25}}],"line":243},"15":{"loc":{"start":{"line":263,"column":25},"end":{"line":272,"column":25}},"type":"cond-expr","locations":[{"start":{"line":264,"column":26},"end":{"line":269,"column":30}},{"start":{"line":271,"column":26},"end":{"line":271,"column":31}}],"line":263},"16":{"loc":{"start":{"line":266,"column":28},"end":{"line":266,"column":56}},"type":"if","locations":[{"start":{"line":266,"column":28},"end":{"line":266,"column":56}},{"start":{},"end":{}}],"line":266},"17":{"loc":{"start":{"line":267,"column":28},"end":{"line":267,"column":56}},"type":"if","locations":[{"start":{"line":267,"column":28},"end":{"line":267,"column":56}},{"start":{},"end":{}}],"line":267}},"s":{"0":5,"1":5,"2":5,"3":5,"4":5,"5":5,"6":5,"7":5,"8":5,"9":5,"10":0,"11":0,"12":0,"13":0,"14":0,"15":0,"16":0,"17":5,"18":5,"19":5,"20":10,"21":10,"22":0,"23":0,"24":5,"25":5,"26":0,"27":0,"28":0,"29":0,"30":5,"31":0,"32":0,"33":0,"34":0,"35":0,"36":0,"37":0,"38":0,"39":5,"40":0,"41":5,"42":0,"43":5,"44":0,"45":0,"46":0,"47":5,"48":0,"49":0,"50":0,"51":5,"52":0,"53":0,"54":0,"55":0,"56":0,"57":5,"58":0,"59":0,"60":0,"61":0,"62":0,"63":5,"64":0,"65":0,"66":0,"67":0,"68":0,"69":0,"70":0,"71":0,"72":0,"73":0,"74":0,"75":0,"76":0,"77":0,"78":0,"79":0,"80":0,"81":0,"82":0,"83":0,"84":0,"85":5,"86":5,"87":0,"88":0,"89":0,"90":0,"91":0,"92":0,"93":0,"94":0,"95":0,"96":0,"97":1},"f":{"0":5,"1":5,"2":5,"3":5,"4":10,"5":0,"6":0,"7":0,"8":0,"9":0,"10":0,"11":0,"12":0,"13":0,"14":0,"15":0,"16":0,"17":0,"18":0,"19":0,"20":0,"21":0,"22":0},"b":{"0":[5,0],"1":[0,0],"2":[0,0],"3":[10,0],"4":[0,0],"5":[0,0],"6":[0,0],"7":[0,0,0,0],"8":[0,0],"9":[0,0],"10":[5,0],"11":[0,0],"12":[0,0],"13":[0,0],"14":[0,0],"15":[0,0],"16":[0,0],"17":[0,0]},"_coverageSchema":"1a1c01bbd47fc00a2c39e90264f33305004495a9","hash":"74ffdd55a93b414d95784f23566605c4e11b8bb8"}
,"/Users/ahmedalgohari/Lotus/src/screens/ScanScreen.tsx": {"path":"/Users/ahmedalgohari/Lotus/src/screens/ScanScreen.tsx","statementMap":{"0":{"start":{"line":24,"column":42},"end":{"line":24,"column":64}},"1":{"start":{"line":25,"column":38},"end":{"line":25,"column":66}},"2":{"start":{"line":26,"column":36},"end":{"line":26,"column":51}},"3":{"start":{"line":27,"column":44},"end":{"line":27,"column":73}},"4":{"start":{"line":28,"column":58},"end":{"line":28,"column":101}},"5":{"start":{"line":29,"column":38},"end":{"line":29,"column":53}},"6":{"start":{"line":31,"column":20},"end":{"line":31,"column":44}},"7":{"start":{"line":32,"column":21},"end":{"line":32,"column":36}},"8":{"start":{"line":34,"column":31},"end":{"line":38,"column":3}},"9":{"start":{"line":35,"column":4},"end":{"line":37,"column":5}},"10":{"start":{"line":36,"column":6},"end":{"line":36,"column":32}},"11":{"start":{"line":40,"column":24},"end":{"line":55,"column":3}},"12":{"start":{"line":41,"column":4},"end":{"line":54,"column":5}},"13":{"start":{"line":42,"column":21},"end":{"line":49,"column":7}},"14":{"start":{"line":50,"column":6},"end":{"line":50,"column":24}},"15":{"start":{"line":52,"column":6},"end":{"line":52,"column":55}},"16":{"start":{"line":53,"column":6},"end":{"line":53,"column":17}},"17":{"start":{"line":57,"column":22},"end":{"line":78,"column":3}},"18":{"start":{"line":58,"column":4},"end":{"line":77,"column":5}},"19":{"start":{"line":59,"column":6},"end":{"line":76,"column":7}},"20":{"start":{"line":60,"column":8},"end":{"line":60,"column":27}},"21":{"start":{"line":61,"column":22},"end":{"line":64,"column":10}},"22":{"start":{"line":66,"column":8},"end":{"line":70,"column":9}},"23":{"start":{"line":67,"column":32},"end":{"line":67,"column":62}},"24":{"start":{"line":68,"column":10},"end":{"line":68,"column":42}},"25":{"start":{"line":69,"column":10},"end":{"line":69,"column":45}},"26":{"start":{"line":72,"column":8},"end":{"line":72,"column":54}},"27":{"start":{"line":73,"column":8},"end":{"line":73,"column":74}},"28":{"start":{"line":75,"column":8},"end":{"line":75,"column":28}},"29":{"start":{"line":80,"column":20},"end":{"line":107,"column":3}},"30":{"start":{"line":81,"column":4},"end":{"line":106,"column":5}},"31":{"start":{"line":82,"column":25},"end":{"line":82,"column":80}},"32":{"start":{"line":83,"column":6},"end":{"line":86,"column":7}},"33":{"start":{"line":84,"column":8},"end":{"line":84,"column":87}},"34":{"start":{"line":85,"column":8},"end":{"line":85,"column":15}},"35":{"start":{"line":88,"column":6}
[...]
olumn":6},"end":{"line":44,"column":7}},{"start":{},"end":{}}],"line":41},"1":{"loc":{"start":{"line":47,"column":6},"end":{"line":50,"column":7}},"type":"if","locations":[{"start":{"line":47,"column":6},"end":{"line":50,"column":7}},{"start":{},"end":{}}],"line":47},"2":{"loc":{"start":{"line":56,"column":6},"end":{"line":59,"column":7}},"type":"if","locations":[{"start":{"line":56,"column":6},"end":{"line":59,"column":7}},{"start":{},"end":{}}],"line":56},"3":{"loc":{"start":{"line":63,"column":80},"end":{"line":63,"column":102}},"type":"binary-expr","locations":[{"start":{"line":63,"column":80},"end":{"line":63,"column":93}},{"start":{"line":63,"column":97},"end":{"line":63,"column":102}}],"line":63},"4":{"loc":{"start":{"line":66,"column":6},"end":{"line":69,"column":7}},"type":"if","locations":[{"start":{"line":66,"column":6},"end":{"line":69,"column":7}},{"start":{},"end":{}}],"line":66},"5":{"loc":{"start":{"line":80,"column":4},"end":{"line":82,"column":5}},"type":"if","locations":[{"start":{"line":80,"column":4},"end":{"line":82,"column":5}},{"start":{},"end":{}}],"line":80},"6":{"loc":{"start":{"line":80,"column":8},"end":{"line":80,"column":46}},"type":"binary-expr","locations":[{"start":{"line":80,"column":8},"end":{"line":80,"column":27}},{"start":{"line":80,"column":31},"end":{"line":80,"column":46}}],"line":80},"7":{"loc":{"start":{"line":115,"column":8},"end":{"line":117,"column":9}},"type":"if","locations":[{"start":{"line":115,"column":8},"end":{"line":117,"column":9}},{"start":{},"end":{}}],"line":115},"8":{"loc":{"start":{"line":125,"column":82},"end":{"line":125,"column":104}},"type":"binary-expr","locations":[{"start":{"line":125,"column":82},"end":{"line":125,"column":95}},{"start":{"line":125,"column":99},"end":{"line":125,"column":104}}],"line":125},"9":{"loc":{"start":{"line":128,"column":8},"end":{"line":131,"column":9}},"type":"if","locations":[{"start":{"line":128,"column":8},"end":{"line":131,"column":9}},{"start":{},"end":{}}],"line":128},"10":{"loc":{"start":{"line":128,"column":12},"end":{"line":128,"column":65}},"type":"binary-expr","locations":[{"start":{"line":128,"column":12},"end":{"line":128,"column":34}},{"start":{"line":128,"column":38},"end":{"line":128,"column":65}}],"line":128},"11":{"loc":{"start":{"line":134,"column":8},"end":{"line":138,"column":9}},"type":"if","locations":[{"start":{"line":134,"column":8},"end":{"line":138,"column":9}},{"start":{},"end":{}}],"line":134},"12":{"loc":{"start":{"line":142,"column":10},"end":{"line":142,"column":72}},"type":"binary-expr","locations":[{"start":{"line":142,"column":10},"end":{"line":142,"column":19}},{"start":{"line":142,"column":23},"end":{"line":142,"column":72}}],"line":142},"13":{"loc":{"start":{"line":151,"column":22},"end":{"line":151,"column":68}},"type":"binary-expr","locations":[{"start":{"line":151,"column":22},"end":{"line":151,"column":57}},{"start":{"line":151,"column":61},"end":{"line":151,"column":68}}],"line":151},"14":{"loc":{"start":{"line":157,"column":19},"end":{"line":157,"column":58}},"type":"binary-expr","locations":[{"start":{"line":157,"column":19},"end":{"line":157,"column":47}},{"start":{"line":157,"column":51},"end":{"line":157,"column":58}}],"line":157},"15":{"loc":{"start":{"line":169,"column":4},"end":{"line":180,"column":5}},"type":"switch","locations":[{"start":{"line":170,"column":6},"end":{"line":170,"column":18}},{"start":{"line":171,"column":6},"end":{"line":171,"column":21}},{"start":{"line":172,"column":6},"end":{"line":173,"column":23}},{"start":{"line":174,"column":6},"end":{"line":175,"column":24}},{"start":{"line":176,"column":6},"end":{"line":177,"column":23}},{"start":{"line":178,"column":6},"end":{"line":179,"column":22}}],"line":169},"16":{"loc":{"start":{"line":192,"column":4},"end":{"line":198,"column":5}},"type":"if","locations":[{"start":{"line":192,"column":4},"end":{"line":198,"column":5}},{"start":{},"end":{}}],"line":192},"17":{"loc":{"start":{"line":200,"column":4},"end":{"line":206,"column":5}},"type":"if","locations":[{"start":{"line":200,"column":4},"end":{"line":206,"column":5}},{"start":{},"end":{}}],"line":200},"18":{"loc":{"start":{"line":200,"column":8},"end":{"line":200,"column":34}},"type":"binary-expr","locations":[{"start":{"line":200,"column":8},"end":{"line":200,"column":17}},{"start":{"line":200,"column":21},"end":{"line":200,"column":34}}],"line":200},"19":{"loc":{"start":{"line":208,"column":4},"end":{"line":214,"column":5}},"type":"if","locations":[{"start":{"line":208,"column":4},"end":{"line":214,"column":5}},{"start":{},"end":{}}],"line":208},"20":{"loc":{"start":{"line":208,"column":8},"end":{"line":208,"column":45}},"type":"binary-expr","locations":[{"start":{"line":208,"column":8},"end":{"line":208,"column":28}},{"start":{"line":208,"column":32},"end":{"line":208,"column":45}}],"line":208},"21":{"loc":{"start":{"line":216,"column":4},"end":{"line":222,"column":5}},"type":"if","locations":[{"start":{"line":216,"column":4},"end":{"line":222,"column":5}},{"start":{},"end":{}}],"line":216},"22":{"loc":{"start":{"line":259,"column":4},"end":{"line":279,"column":5}},"type":"if","locations":[{"start":{"line":259,"column":4},"end":{"line":279,"column":5}},{"start":{},"end":{}}],"line":259},"23":{"loc":{"start":{"line":260,"column":6},"end":{"line":278,"column":7}},"type":"switch","locations":[{"start":{"line":261,"column":8},"end":{"line":261,"column":25}},{"start":{"line":262,"column":8},"end":{"line":267,"column":16}},{"start":{"line":268,"column":8},"end":{"line":268,"column":20}},{"start":{"line":269,"column":8},"end":{"line":274,"column":16}},{"start":{"line":275,"column":8},"end":{"line":277,"column":16}}],"line":260},"24":{"loc":{"start":{"line":264,"column":10},"end":{"line":266,"column":11}},"type":"if","locations":[{"start":{"line":264,"column":10},"end":{"line":266,"column":11}},{"start":{},"end":{}}],"line":264},"25":{"loc":{"start":{"line":271,"column":10},"end":{"line":273,"column":11}},"type":"if","locations":[{"start":{"line":271,"column":10},"end":{"line":273,"column":11}},{"start":{},"end":{}}],"line":271},"26":{"loc":{"start":{"line":310,"column":4},"end":{"line":331,"column":5}},"type":"if","locations":[{"start":{"line":310,"column":4},"end":{"line":331,"column":5}},{"start":{"line":317,"column":11},"end":{"line":331,"column":5}}],"line":310},"27":{"loc":{"start":{"line":310,"column":8},"end":{"line":310,"column":32}},"type":"binary-expr","locations":[{"start":{"line":310,"column":8},"end":{"line":310,"column":18}},{"start":{"line":310,"column":22},"end":{"line":310,"column":32}}],"line":310},"28":{"loc":{"start":{"line":317,"column":11},"end":{"line":331,"column":5}},"type":"if","locations":[{"start":{"line":317,"column":11},"end":{"line":331,"column":5}},{"start":{"line":324,"column":11},"end":{"line":331,"column":5}}],"line":317},"29":{"loc":{"start":{"line":317,"column":15},"end":{"line":317,"column":40}},"type":"binary-expr","locations":[{"start":{"line":317,"column":15},"end":{"line":317,"column":26}},{"start":{"line":317,"column":30},"end":{"line":317,"column":40}}],"line":317}},"s":{"0":1,"1":1,"2":1,"3":1,"4":1,"5":1,"6":1,"7":5,"8":5,"9":1,"10":1,"11":4,"12":4,"13":1,"14":1,"15":3,"16":3,"17":3,"18":3,"19":3,"20":0,"21":0,"22":0,"23":0,"24":0,"25":0,"26":5,"27":3,"28":2,"29":2,"30":2,"31":3,"32":3,"33":3,"34":3,"35":3,"36":3,"37":3,"38":0,"39":3,"40":3,"41":3,"42":0,"43":3,"44":3,"45":3,"46":0,"47":0,"48":0,"49":0,"50":0,"51":0,"52":0,"53":0,"54":0,"55":0,"56":0,"57":3,"58":3,"59":3,"60":3,"61":3,"62":0,"63":0,"64":3,"65":0,"66":4,"67":0,"68":4,"69":0,"70":4,"71":0,"72":4,"73":0,"74":4,"75":1,"76":1,"77":1,"78":0,"79":0,"80":0,"81":0,"82":0,"83":0,"84":0,"85":0,"86":0,"87":0,"88":0,"89":5,"90":5,"91":5,"92":0,"93":0,"94":0,"95":0,"96":0,"97":0,"98":0},"f":{"0":5,"1":5,"2":3,"3":0,"4":0,"5":3,"6":3,"7":4,"8":1,"9":0,"10":5,"11":0,"12":0},"b":{"0":[1,4],"1":[1,3],"2":[3,0],"3":[0,0],"4":[0,0],"5":[3,2],"6":[5,2],"7":[0,3],"8":[0,0],"9":[0,0],"10":[0,0],"11":[0,0],"12":[0,0],"13":[3,0],"14":[3,0],"15":[0,0,0,0,3,0],"16":[0,4],"17":[0,4],"18":[4,0],"19":[0,4],"20":[4,4],"21":[0,4],"22":[0,0],"23":[0,0,0,0,0],"24":[0,0],"25":[0,0],"26":[0,0],"27":[0,0],"28":[0,0],"29":[0,0]},"_coverageSchema":"1a1c01bbd47fc00a2c39e90264f33305004495a9","hash":"a7a8d9ef6e2b1e63b2b2c717c4f7b68c5eca58b6"}
,"/Users/ahmedalgohari/Lotus/src/utils/rtl.ts": {"path":"/Users/ahmedalgohari/Lotus/src/utils/rtl.ts","statementMap":{"0":{"start":{"line":5,"column":22},"end":{"line":8,"column":1}},"1":{"start":{"line":6,"column":20},"end":{"line":6,"column":30}},"2":{"start":{"line":7,"column":2},"end":{"line":7,"column":15}},"3":{"start":{"line":11,"column":24},"end":{"line":62,"column":1}},"4":{"start":{"line":12,"column":2},"end":{"line":12,"column":28}},"5":{"start":{"line":12,"column":14},"end":{"line":12,"column":28}},"6":{"start":{"line":14,"column":20},"end":{"line":14,"column":33}},"7":{"start":{"line":17,"column":2},"end":{"line":20,"column":3}},"8":{"start":{"line":18,"column":4},"end":{"line":18,"column":48}},"9":{"start":{"line":19,"column":4},"end":{"line":19,"column":33}},"10":{"start":{"line":22,"column":2},"end":{"line":25,"column":3}},"11":{"start":{"line":23,"column":4},"end":{"line":23,"column":48}},"12":{"start":{"line":24,"column":4},"end":{"line":24,"column":34}},"13":{"start":{"line":27,"column":2},"end":{"line":30,"column":3}},"14":{"start":{"line":28,"column":4},"end":{"line":28,"column":46}},"15":{"start":{"line":29,"column":4},"end":{"line":29,"column":32}},"16":{"start":{"line":32,"column":2},"end":{"line":35,"column":3}},"17":{"start":{"line":33,"column":4},"end":{"line":33,"column":46}},"18":{"start":{"line":34,"column":4},"end":{"line":34,"column":33}},"19":{"start":{"line":37,"column":2},"end":{"line":40,"column":3}},"20":{"start":{"line":38,"column":4},"end":{"line":38,"column":34}},"21":{"start":{"line":39,"column":4},"end":{"line":39,"column":26}},"22":{"start":{"line":42,"column":2},"end":{"line":45,"column":3}},"23":{"start":{"line":43,"column":4},"end":{"line":43,"column":34}},"24":{"start":{"line":44,"column":4},"end":{"line":44,"column":27}},"25":{"start":{"line":48,"column":2},"end":{"line":52,"column":3}},"26":{"start":{"line":49,"column":4},"end":{"line":49,"column":44}},"27":{"start":{"line":50,"column":9},"end":{"line":52,"column":3}},"28":{"start":{"line":51,"column":4},"end":{"line":51,"column":36}},"29":{"start":{"line":55,"column":2},"end":{"line":59,"column":3}},"30":{"start":{"line":56,"column":4},"end":{"line":56,"column":34}},"31":{"start":{"line":57,"column":9},"end":{"line":59,"column":3}},"32":{"start":{"line":58,"column":4},"end":{"line":58,"column":33}},"33":{"start":{"line":61,"column":2},"end":{"line":61,"column":19}},"34":{"start":{"line":65,"column":28},"end":{"line":68,"column":1}},"35":{"start":{"line":66,"column":16},"end":{"line":66,"column":24}},"36":{"start":{"line":67,"column":2},"end":{"line":67,"column":33}},"37":{"start":{"line":71,"column":32},"end":{"line":74,"column":1}},"38":{"start":{"line":72,"column":2},"end":{"line":72,"column":31}},"39":{"start":{"line":72,"column":14},"end":{"line":72,"column":31}},"40":{"start":{"line":73,"column":2},"end":{"line":73,"column":53}},"41":{"start":{"line":77,"column":28},"end":{"line":80,"column":1}},"42":{"start":{"line":78,"column":2},"end":{"line":78,"column":49}},"43":{"start":{"line":78,"column":36},"end":{"line":78,"column":49}},"44":{"start":{"line":79,"column":2},"end":{"line":79,"column":45}},"45":{"start":{"line":83,"column":25},"end":{"line":111,"column":1}},"46":{"start":{"line":84,"column":28},"end":{"line":86,"column":3}},"47":{"start":{"line":88,"column":33},"end":{"line":90,"column":3}},"48":{"start":{"line":92,"column":34},"end":{"line":94,"column":3}},"49":{"start":{"line":97,"column":4},"end":{"line":97,"column":60}},"50":{"start":{"line":101,"column":4},"end":{"line":101,"column":60}},"51":{"start":{"line":105,"column":4},"end":{"line":105,"column":58}},"52":{"start":{"line":109,"column":4},"end":{"line":109,"column":58}},"53":{"start":{"line":114,"column":24},"end":{"line":120,"column":1}},"54":{"start":{"line":115,"column":2},"end":{"line":119,"column":3}},"55":{"start":{"line":116,"column":4},"end":{"line":116,"column":33}}},"fnMap":{"0":{"name":"(anonymous_0)","decl":{"start":{"line":5,"column":22},"end":{"line":5,"column":23}},"loc":{"start":{"line":5,"column":28},"end":{"line":8,"column":1}},"line":5},"1":{"name":"(anonymous_1)","decl":{"start":{"line":11,"column":24},"end":{"line":11,"column":25}},"loc":{"start":{"line":11,"column":57},"end":{"line":62,"column":1}},"line":11},"2":{"name":"(anonymous_2)","decl":{"start":{"line":65,"column":28},"end":{"line":65,"column":29}},"loc":{"start":{"line":65,"column":45},"end":{"line":68,"column":1}},"line":65},"3":{"name":"(anonymous_3)","decl":{"start":{"line":71,"column":32},"end":{"line":71,"column":33}},"loc":{"start":{"line":71,"column":86},"end":{"line":74,"column":1}},"line":71},"4":{"name":"(anonymous_4)","decl":{"start":{"line":77,"column":28},"end":{"line":77,"column":29}},"loc":{"start":{"line":77,"column":84},"end":{"line":80,"column":1}},"line":77},"5":{"name":"(anonymous_5)","decl":{"start":{"line":84,"column":7},"end":{"line":84,"column":8}},"loc":{"start":{"line":84,"column":28},"end":{"line":86,"column":3}},"line":84},"6":{"name":"(anonymous_6)","decl":{"start":{"line":88,"column":12},"end":{"line":88,"column":13}},"loc":{"start":{"line":88,"column":33},"end":{"line":90,"column":3}},"line":88},"7":{"name":"(anonymous_7)","decl":{"start":{"line":92,"column":13},"end":{"line":92,"column":14}},"loc":{"start":{"line":92,"column":34},"end":{"line":94,"column":3}},"line":92},"8":{"name":"(anonymous_8)","decl":{"start":{"line":96,"column":15},"end":{"line":96,"column":16}},"loc":{"start":{"line":97,"column":4},"end":{"line":97,"column":60}},"line":97},"9":{"name":"(anonymous_9)","decl":{"start":{"line":100,"column":16},"end":{"line":100,"column":17}},"loc":{"start":{"line":101,"column":4},"end":{"line":101,"column":60}},"line":101},"10":{"name":"(anonymous_10)","decl":{"start":{"line":104,"column":14},"end":{"line":104,"column":15}},"loc":{"start":{"line":105,"column":4},"end":{"line":105,"column":58}},"line":105},"11":{"name":"(anonymous_11)","decl":{"start":{"line":108,"column":15},"end":{"line":108,"column":16}},"loc":{"start":{"line":109,"column":4},"end":{"line":109,"column":58}},"line":109},"12":{"name":"(anonymous_12)","decl":{"start":{"line":114,"column":24},"end":{"line":114,"column":25}},"loc":{"start":{"line":114,"column":45},"end":{"line":120,"column":1}},"line":114}},"branchMap":{"0":{"loc":{"start":{"line":12,"column":2},"end":{"line":12,"column":28}},"type":"if","locations":[{"start":{"line":12,"column":2},"end":{"line":12,"column":28}},{"start":{},"end":{}}],"line":12},"1":{"loc":{"start":{"line":17,"column":2},"end":{"line":20,"column":3}},"type":"if","locations":[{"start":{"line":17,"column":2},"end":{"line":20,"column":3}},{"start":{},"end":{}}],"line":17},"2":{"loc":{"start":{"line":22,"column":2},"end":{"line":25,"column":3}},"type":"if","locations":[{"start":{"line":22,"column":2},"end":{"line":25,"column":3}},{"start":{},"end":{}}],"line":22},"3":{"loc":{"start":{"line":27,"column":2},"end":{"line":30,"column":3}},"type":"if","locations":[{"start":{"line":27,"column":2},"end":{"line":30,"column":3}},{"start":{},"end":{}}],"line":27},"4":{"loc":{"start":{"line":32,"column":2},"end":{"line":35,"column":3}},"type":"if","locations":[{"start":{"line":32,"column":2},"end":{"line":35,"column":3}},{"start":{},"end":{}}],"line":32},"5":{"loc":{"start":{"line":37,"column":2},"end":{"line":40,"column":3}},"type":"if","locations":[{"start":{"line":37,"column":2},"end":{"line":40,"column":3}},{"start":{},"end":{}}],"line":37},"6":{"loc":{"start":{"line":42,"column":2},"end":{"line":45,"column":3}},"type":"if","locations":[{"start":{"line":42,"column":2},"end":{"line":45,"column":3}},{"start":{},"end":{}}],"line":42},"7":{"loc":{"start":{"line":48,"column":2},"end":{"line":52,"column":3}},"type":"if","locations":[{"start":{"line":48,"column":2},"end":{"line":52,"column":3}},{"start":{"line":50,"column":9},"end":{"line":52,"column":3}}],"line":48},"8":{"loc":{"start":{"line":50,"column":9},"end":{"line":52,"column":3}},"type":"if","locations":[{"start":{"line":50,"column":9},"end":{"line":52,"column":3}},{"start":{},"end":{}}],"line":50},"9":{"loc":{"start":{"line":55,"column":2},"end":{"line":59,"column":3}},"type":"if","locations":[{"start":{"line":55,"column":2},"end":{"line":59,"column":3}},{"start":{"line":57,"column":9},"end":{"line":59,"column":3}}],"line":55},"10":{"loc":{"start":{"line":57,"column":9},"end":{"line":59,"column":3}},"type":"if","locations":[{"start":{"line":57,"column":9},"end":{"line":59,"column":3}},{"start":{},"end":{}}],"line":57},"11":{"loc":{"start":{"line":72,"column":2},"end":{"line":72,"column":31}},"type":"if","locations":[{"start":{"line":72,"column":2},"end":{"line":72,"column":31}},{"start":{},"end":{}}],"line":72},"12":{"loc":{"start":{"line":73,"column":9},"end":{"line":73,"column":52}},"type":"cond-expr","locations":[{"start":{"line":73,"column":31},"end":{"line":73,"column":44}},{"start":{"line":73,"column":47},"end":{"line":73,"column":52}}],"line":73},"13":{"loc":{"start":{"line":78,"column":2},"end":{"line":78,"column":49}},"type":"if","locations":[{"start":{"line":78,"column":2},"end":{"line":78,"column":49}},{"start":{},"end":{}}],"line":78},"14":{"loc":{"start":{"line":78,"column":6},"end":{"line":78,"column":34}},"type":"binary-expr","locations":[{"start":{"line":78,"column":6},"end":{"line":78,"column":12}},{"start":{"line":78,"column":16},"end":{"line":78,"column":34}}],"line":78},"15":{"loc":{"start":{"line":79,"column":9},"end":{"line":79,"column":44}},"type":"cond-expr","locations":[{"start":{"line":79,"column":28},"end":{"line":79,"column":35}},{"start":{"line":79,"column":38},"end":{"line":79,"column":44}}],"line":79},"16":{"loc":{"start":{"line":97,"column":4},"end":{"line":97,"column":60}},"type":"cond-expr","locations":[{"start":{"line":97,"column":12},"end":{"line":97,"column":35}},{"start":{"line":97,"column":38},"end":{"line":97,"column":60}}],"line":97},"17":{"loc":{"start":{"line":101,"column":4},"end":{"line":101,"column":60}},"type":"cond-expr","locations":[{"start":{"line":101,"column":12},"end":{"line":101,"column":34}},{"start":{"line":101,"column":37},"end":{"line":101,"column":60}}],"line":101},"18":{"loc":{"start":{"line":105,"column":4},"end":{"line":105,"column":58}},"type":"cond-expr","locations":[{"start":{"line":105,"column":12},"end":{"line":105,"column":34}},{"start":{"line":105,"column":37},"end":{"line":105,"column":58}}],"line":105},"19":{"loc":{"start":{"line":109,"column":4},"end":{"line":109,"column":58}},"type":"cond-expr","locations":[{"start":{"line":109,"column":12},"end":{"line":109,"column":33}},{"start":{"line":109,"column":36},"end":{"line":109,"column":58}}],"line":109},"20":{"loc":{"start":{"line":115,"column":2},"end":{"line":119,"column":3}},"type":"if","locations":[{"start":{"line":115,"column":2},"end":{"line":119,"column":3}},{"start":{},"end":{}}],"line":115}},"s":{"0":1,"1":10,"2":10,"3":1,"4":0,"5":0,"6":0,"7":0,"8":0,"9":0,"10":0,"11":0,"12":0,"13":0,"14":0,"15":0,"16":0,"17":0,"18":0,"19":0,"20":0,"21":0,"22":0,"23":0,"24":0,"25":0,"26":0,"27":0,"28":0,"29":0,"30":0,"31":0,"32":0,"33":0,"34":1,"35":0,"36":0,"37":1,"38":0,"39":0,"40":0,"41":1,"42":0,"43":0,"44":0,"45":1,"46":0,"47":0,"48":0,"49":0,"50":0,"51":0,"52":0,"53":1,"54":0,"55":0},"f":{"0":10,"1":0,"2":0,"3":0,"4":0,"5":0,"6":0,"7":0,"8":0,"9":0,"10":0,"11":0,"12":0},"b":{"0":[0,0],"1":[0,0],"2":[0,0],"3":[0,0],"4":[0,0],"5":[0,0],"6":[0,0],"7":[0,0],"8":[0,0],"9":[0,0],"10":[0,0],"11":[0,0],"12":[0,0],"13":[0,0],"14":[0,0],"15":[0,0],"16":[0,0],"17":[0,0],"18":[0,0],"19":[0,0],"20":[0,0]},"_coverageSchema":"1a1c01bbd47fc00a2c39e90264f33305004495a9","hash":"835268aec84d7c6e9c503236cb327d51a64d5b34"}
}
