TN:
SF:src/navigation/AppNavigator.tsx
FN:26,PlantsStack
FN:37,MainTabs
FN:42,(anonymous_2)
FN:44,(anonymous_3)
FN:110,AppNavigator
FNF:5
FNH:0
FNDA:0,PlantsStack
FNDA:0,MainTabs
FNDA:0,(anonymous_2)
FNDA:0,(anonymous_3)
FNDA:0,AppNavigator
DA:22,0
DA:23,0
DA:27,0
DA:38,0
DA:40,0
DA:42,0
DA:47,0
DA:48,0
DA:49,0
DA:50,0
DA:51,0
DA:52,0
DA:54,0
DA:57,0
DA:111,0
DA:113,0
LF:16
LH:0
BRDA:47,0,0,0
BRDA:47,0,1,0
BRDA:48,1,0,0
BRDA:48,1,1,0
BRDA:49,2,0,0
BRDA:49,2,1,0
BRDA:50,3,0,0
BRDA:50,3,1,0
BRDA:51,4,0,0
BRDA:51,4,1,0
BRDA:52,5,0,0
BRDA:52,5,1,0
BRDA:116,6,0,0
BRDA:116,6,1,0
BRF:14
BRH:0
end_of_record
TN:
SF:src/screens/AddPlantScreen.tsx
FN:26,AddPlantScreen
FN:37,(anonymous_1)
FN:95,(anonymous_2)
FN:113,(anonymous_3)
FN:180,(anonymous_4)
FN:187,(anonymous_5)
FN:213,(anonymous_6)
FN:221,(anonymous_7)
FN:238,(anonymous_8)
FN:241,(anonymous_9)
FNF:10
FNH:0
FNDA:0,AddPlantScreen
FNDA:0,(anonymous_1)
FNDA:0,(anonymous_2)
FNDA:0,(anonymous_3)
FNDA:0,(anonymous_4)
FNDA:0,(anonymous_5)
FNDA:0,(anonymous_6)
FNDA:0,(anonymous_7)
FNDA:0,(anonymous_8)
FNDA:0,(anonymous_9)
DA:27,0
DA:28,0
DA:29,0
DA:30,0
DA:32,0
DA:33,0
DA:34,0
DA:35,0
DA:37,0
DA:38,0
DA:39,0
DA:40,0
DA:43,0
DA:44,0
DA:45,0
DA:48,0
DA:50,0
DA:51,0
DA:54,0
DA:55,0
DA:63,0
DA:64,0
DA:65,0
DA:66,0
DA:71,0
DA:72,0
DA:74,0
DA:84,0
DA:86,0
DA:87,0
DA:88,0
DA:89,0
DA:95,0
DA:101,0
DA:102,0
DA:104,0
DA:108,0
DA:113,0
DA:181,0
DA:187,0
DA:214,0
DA:221,0
DA:238,0
DA:241,0
DA:307,0
LF:45
LH:0
BRDA:34,0,0,0
BRDA:34,0,1,0
BRDA:38,1,0,0
BRDA:38,1,1,0
BRDA:43,2,0,0
BRDA:43,2,1,0
BRDA:54,3,0,0
BRDA:54,3,1,0
BRDA:63,4,0,0
BRDA:63,4,1,0
BRDA:65,5,0,0
BRDA:65,5,1,0
BRDA:86,6,0,0
BRDA:86,6,1,0
BRDA:87,7,0,0
BRDA:87,7,1,0
BRDA:119,8,0,0
BRDA:119,8,1,0
BRDA:123,9,0,0
BRDA:123,9,1,0
BRDA:123,9,2,0
BRDA:125,10,0,0
BRDA:125,10,1,0
BRDA:131,11,0,0
BRDA:131,11,1,0
BRDA:131,11,2,0
BRDA:133,12,0,0
BRDA:133,12,1,0
BRDA:137,13,0,0
BRDA:137,13,1,0
BRDA:167,14,0,0
BRDA:167,14,1,0
BRDA:185,15,0,0
BRDA:185,15,1,0
BRDA:191,16,0,0
BRDA:191,16,1,0
BRDA:197,17,0,0
BRDA:197,17,1,0
BRDA:219,18,0,0
BRDA:219,18,1,0
BRDA:225,19,0,0
BRDA:225,19,1,0
BRDA:262,20,0,0
BRDA:262,20,1,0
BRDA:263,21,0,0
BRDA:263,21,1,0
BRDA:264,22,0,0
BRDA:264,22,1,0
BRDA:265,23,0,0
BRDA:265,23,1,0
BRDA:282,24,0,0
BRDA:282,24,1,0
BRDA:282,24,2,0
BRDA:285,25,0,0
BRDA:285,25,1,0
BRDA:290,26,0,0
BRDA:290,26,1,0
BRDA:290,27,0,0
BRDA:290,27,1,0
BRDA:294,28,0,0
BRDA:294,28,1,0
BRDA:294,28,2,0
BRDA:296,29,0,0
BRDA:296,29,1,0
BRF:64
BRH:0
end_of_record
TN:
SF:src/screens/AuthScreen.tsx
FN:22,AuthScreen
FN:28,(anonymous_1)
FN:52,(anonymous_2)
FN:76,(anonymous_3)
FN:86,(anonymous_4)
FNF:5
FNH:1
FNDA:5,AuthScreen
FNDA:0,(anonymous_1)
FNDA:0,(anonymous_2)
FNDA:0,(anonymous_3)
FNDA:0,(anonymous_4)
DA:23,5
DA:24,5
DA:26,5
DA:28,5
DA:29,0
DA:30,0
DA:31,0
DA:32,0
DA:34,0
DA:35,0
DA:42,0
DA:45,0
DA:46,0
DA:48,0
DA:52,5
DA:53,0
DA:54,0
DA:55,0
DA:56,0
DA:58,0
DA:59,0
DA:66,0
DA:69,0
DA:70,0
DA:72,0
DA:76,5
DA:77,0
DA:78,0
DA:83,0
DA:86,5
DA:87,0
DA:90,5
DA:174,1
LF:33
LH:9
BRDA:32,0,0,0
BRDA:32,0,1,0
BRDA:34,1,0,0
BRDA:34,1,1,0
BRDA:38,2,0,0
BRDA:38,2,1,0
BRDA:56,3,0,0
BRDA:56,3,1,0
BRDA:58,4,0,0
BRDA:58,4,1,0
BRDA:62,5,0,0
BRDA:62,5,1,0
BRDA:152,6,0,5
BRDA:152,6,1,0
BRF:14
BRH:1
end_of_record
TN:
SF:src/screens/EmailAuthScreen.tsx
FN:23,EmailAuthScreen
FN:30,(anonymous_1)
FN:72,(anonymous_2)
FN:132,(anonymous_3)
FNF:4
FNH:0
FNDA:0,EmailAuthScreen
FNDA:0,(anonymous_1)
FNDA:0,(anonymous_2)
FNDA:0,(anonymous_3)
DA:24,0
DA:25,0
DA:26,0
DA:27,0
DA:28,0
DA:30,0
DA:31,0
DA:32,0
DA:33,0
DA:36,0
DA:37,0
DA:38,0
DA:42,0
DA:44,0
DA:45,0
DA:52,0
DA:55,0
DA:56,0
DA:58,0
DA:62,0
DA:72,0
DA:132,0
DA:158,0
LF:23
LH:0
BRDA:31,0,0,0
BRDA:31,0,1,0
BRDA:31,1,0,0
BRDA:31,1,1,0
BRDA:38,2,0,0
BRDA:38,2,1,0
BRDA:42,3,0,0
BRDA:42,3,1,0
BRDA:44,4,0,0
BRDA:44,4,1,0
BRDA:48,5,0,0
BRDA:48,5,1,0
BRDA:84,6,0,0
BRDA:84,6,1,0
BRDA:121,7,0,0
BRDA:121,7,1,0
BRDA:125,8,0,0
BRDA:125,8,1,0
BRDA:135,9,0,0
BRDA:135,9,1,0
BRF:20
BRH:0
end_of_record
TN:
SF:src/screens/HomeScreen.tsx
FN:59,HomeScreen
FN:66,(anonymous_1)
FN:70,(anonymous_2)
FN:93,(anonymous_3)
FN:100,(anonymous_4)
FN:111,(anonymous_5)
FN:121,(anonymous_6)
FN:186,(anonymous_7)
FNF:8
FNH:4
FNDA:10,HomeScreen
FNDA:5,(anonymous_1)
FNDA:5,(anonymous_2)
FNDA:0,(anonymous_3)
FNDA:0,(anonymous_4)
FNDA:0,(anonymous_5)
FNDA:0,(anonymous_6)
FNDA:40,(anonymous_7)
DA:20,1
DA:60,10
DA:61,10
DA:62,10
DA:63,10
DA:64,10
DA:66,10
DA:67,5
DA:70,10
DA:71,5
DA:72,5
DA:75,5
DA:76,5
DA:77,0
DA:78,0
DA:79,0
DA:81,0
DA:84,5
DA:87,5
DA:88,5
DA:93,10
DA:94,0
DA:95,0
DA:96,0
DA:97,0
DA:100,10
DA:101,0
DA:102,0
DA:103,0
DA:104,0
DA:105,0
DA:107,0
DA:111,10
DA:112,0
DA:113,0
DA:114,0
DA:115,0
DA:117,0
DA:121,10
DA:123,0
DA:124,0
DA:127,10
DA:187,40
DA:322,1
LF:44
LH:23
BRDA:70,0,0,5
BRDA:71,1,0,5
BRDA:71,1,1,0
BRDA:77,2,0,0
BRDA:77,2,1,0
BRDA:87,3,0,5
BRDA:87,3,1,0
BRDA:95,4,0,0
BRDA:95,4,1,0
BRDA:96,5,0,0
BRDA:96,5,1,0
BRDA:101,6,0,0
BRDA:101,6,1,0
BRDA:136,7,0,10
BRDA:136,7,1,0
BRDA:138,8,0,10
BRDA:138,8,1,0
BRDA:139,9,0,0
BRDA:139,9,1,10
BRDA:139,10,0,10
BRDA:139,10,1,10
BRDA:142,11,0,10
BRDA:142,11,1,0
BRDA:145,12,0,10
BRDA:145,12,1,0
BRDA:160,13,0,10
BRDA:160,13,1,0
BRDA:181,14,0,10
BRDA:181,14,1,0
BRDA:189,15,0,40
BRDA:189,15,1,0
BRDA:190,16,0,0
BRDA:190,16,1,40
BRDA:192,17,0,40
BRDA:192,17,1,0
BRDA:193,18,0,0
BRDA:193,18,1,40
BRDA:202,19,0,10
BRDA:202,19,1,0
BRDA:206,20,0,0
BRDA:206,20,1,10
BRDA:212,21,0,0
BRDA:212,21,1,10
BRDA:222,22,0,0
BRDA:222,22,1,0
BRDA:223,23,0,0
BRDA:223,23,1,0
BRDA:224,24,0,0
BRDA:224,24,1,0
BRDA:250,25,0,0
BRDA:250,25,1,0
BRDA:251,26,0,0
BRDA:251,26,1,0
BRDA:253,27,0,0
BRDA:253,27,1,0
BRDA:254,28,0,0
BRDA:254,28,1,0
BRDA:266,29,0,0
BRDA:266,29,1,10
BRDA:277,30,0,10
BRDA:277,30,1,0
BRDA:281,31,0,10
BRDA:281,31,1,0
BRDA:296,32,0,10
BRDA:296,32,1,0
BRDA:301,33,0,10
BRDA:301,33,1,0
BRDA:306,34,0,10
BRDA:306,34,1,0
BRDA:309,35,0,10
BRDA:309,35,1,0
BRDA:693,36,0,1
BRDA:693,36,1,0
BRF:73
BRH:27
end_of_record
TN:
SF:src/screens/PlantDetailScreen.tsx
FN:24,PlantDetailScreen
FN:34,(anonymous_1)
FN:39,(anonymous_2)
FN:40,(anonymous_3)
FN:47,(anonymous_4)
FN:57,(anonymous_5)
FN:94,(anonymous_6)
FN:102,(anonymous_7)
FN:103,(anonymous_8)
FN:107,(anonymous_9)
FN:108,(anonymous_10)
FN:112,(anonymous_11)
FN:121,(anonymous_12)
FN:130,(anonymous_13)
FN:139,(anonymous_14)
FN:165,(anonymous_15)
FN:206,(anonymous_16)
FN:214,(anonymous_17)
FN:222,(anonymous_18)
FN:230,(anonymous_19)
FN:268,(anonymous_20)
FN:327,(anonymous_21)
FN:328,(anonymous_22)
FNF:23
FNH:0
FNDA:0,PlantDetailScreen
FNDA:0,(anonymous_1)
FNDA:0,(anonymous_2)
FNDA:0,(anonymous_3)
FNDA:0,(anonymous_4)
FNDA:0,(anonymous_5)
FNDA:0,(anonymous_6)
FNDA:0,(anonymous_7)
FNDA:0,(anonymous_8)
FNDA:0,(anonymous_9)
FNDA:0,(anonymous_10)
FNDA:0,(anonymous_11)
FNDA:0,(anonymous_12)
FNDA:0,(anonymous_13)
FNDA:0,(anonymous_14)
FNDA:0,(anonymous_15)
FNDA:0,(anonymous_16)
FNDA:0,(anonymous_17)
FNDA:0,(anonymous_18)
FNDA:0,(anonymous_19)
FNDA:0,(anonymous_20)
FNDA:0,(anonymous_21)
FNDA:0,(anonymous_22)
DA:25,0
DA:26,0
DA:27,0
DA:29,0
DA:30,0
DA:31,0
DA:32,0
DA:34,0
DA:35,0
DA:36,0
DA:39,0
DA:40,0
DA:41,0
DA:42,0
DA:44,0
DA:47,0
DA:48,0
DA:49,0
DA:50,0
DA:51,0
DA:53,0
DA:57,0
DA:58,0
DA:60,0
DA:61,0
DA:64,0
DA:72,0
DA:73,0
DA:74,0
DA:76,0
DA:82,0
DA:87,0
DA:88,0
DA:92,0
DA:94,0
DA:95,0
DA:97,0
DA:98,0
DA:102,0
DA:103,0
DA:104,0
DA:107,0
DA:108,0
DA:109,0
DA:112,0
DA:113,0
DA:114,0
DA:115,0
DA:116,0
DA:117,0
DA:121,0
DA:122,0
DA:123,0
DA:124,0
DA:125,0
DA:126,0
DA:127,0
DA:130,0
DA:131,0
DA:132,0
DA:139,0
DA:140,0
DA:141,0
DA:148,0
DA:149,0
DA:158,0
DA:160,0
DA:165,0
DA:206,0
DA:214,0
DA:222,0
DA:230,0
DA:269,0
DA:328,0
DA:329,0
DA:355,0
LF:76
LH:0
BRDA:41,0,0,0
BRDA:41,0,1,0
BRDA:50,1,0,0
BRDA:50,1,1,0
BRDA:51,2,0,0
BRDA:51,2,1,0
BRDA:58,3,0,0
BRDA:58,3,1,0
BRDA:58,4,0,0
BRDA:58,4,1,0
BRDA:72,5,0,0
BRDA:72,5,1,0
BRDA:94,6,0,0
BRDA:94,6,1,0
BRDA:104,7,0,0
BRDA:104,7,1,0
BRDA:109,8,0,0
BRDA:109,8,1,0
BRDA:113,9,0,0
BRDA:113,9,1,0
BRDA:113,9,2,0
BRDA:113,9,3,0
BRDA:122,10,0,0
BRDA:122,10,1,0
BRDA:148,11,0,0
BRDA:148,11,1,0
BRDA:148,12,0,0
BRDA:148,12,1,0
BRDA:176,13,0,0
BRDA:176,13,1,0
BRDA:186,14,0,0
BRDA:186,14,1,0
BRDA:187,15,0,0
BRDA:187,15,1,0
BRDA:188,16,0,0
BRDA:188,16,1,0
BRDA:245,17,0,0
BRDA:245,17,1,0
BRDA:253,18,0,0
BRDA:253,18,1,0
BRDA:253,18,2,0
BRDA:255,19,0,0
BRDA:255,19,1,0
BRDA:256,20,0,0
BRDA:256,20,1,0
BRDA:257,21,0,0
BRDA:257,21,1,0
BRDA:273,22,0,0
BRDA:273,22,1,0
BRDA:273,23,0,0
BRDA:273,23,1,0
BRDA:318,24,0,0
BRDA:318,24,1,0
BRDA:331,25,0,0
BRDA:331,25,1,0
BRDA:334,26,0,0
BRDA:334,26,1,0
BRF:57
BRH:0
end_of_record
TN:
SF:src/screens/PlantsScreen.tsx
FN:21,PlantsScreen
FN:28,(anonymous_1)
FN:33,(anonymous_2)
FN:45,(anonymous_3)
FN:47,(anonymous_4)
FN:55,(anonymous_5)
FN:62,(anonymous_6)
FN:71,(anonymous_7)
FN:86,(anonymous_8)
FN:90,(anonymous_9)
FN:94,(anonymous_10)
FN:95,(anonymous_11)
FN:99,(anonymous_12)
FN:100,(anonymous_13)
FN:104,(anonymous_14)
FN:113,(anonymous_15)
FN:121,(anonymous_16)
FN:122,(anonymous_17)
FN:140,(anonymous_18)
FN:236,(anonymous_19)
FN:240,(anonymous_20)
FN:241,(anonymous_21)
FN:264,(anonymous_22)
FNF:23
FNH:5
FNDA:5,PlantsScreen
FNDA:5,(anonymous_1)
FNDA:5,(anonymous_2)
FNDA:5,(anonymous_3)
FNDA:10,(anonymous_4)
FNDA:0,(anonymous_5)
FNDA:0,(anonymous_6)
FNDA:0,(anonymous_7)
FNDA:0,(anonymous_8)
FNDA:0,(anonymous_9)
FNDA:0,(anonymous_10)
FNDA:0,(anonymous_11)
FNDA:0,(anonymous_12)
FNDA:0,(anonymous_13)
FNDA:0,(anonymous_14)
FNDA:0,(anonymous_15)
FNDA:0,(anonymous_16)
FNDA:0,(anonymous_17)
FNDA:0,(anonymous_18)
FNDA:0,(anonymous_19)
FNDA:0,(anonymous_20)
FNDA:0,(anonymous_21)
FNDA:0,(anonymous_22)
DA:22,5
DA:23,5
DA:25,5
DA:26,5
DA:28,5
DA:29,5
DA:30,5
DA:33,5
DA:34,5
DA:36,0
DA:37,0
DA:38,0
DA:39,0
DA:41,0
DA:45,5
DA:46,5
DA:47,5
DA:48,10
DA:49,0
DA:50,0
DA:52,5
DA:55,5
DA:56,0
DA:57,0
DA:58,0
DA:59,0
DA:62,5
DA:63,0
DA:72,0
DA:73,0
DA:74,0
DA:75,0
DA:77,0
DA:78,0
DA:86,5
DA:87,0
DA:90,5
DA:91,0
DA:94,5
DA:95,0
DA:96,0
DA:99,5
DA:100,0
DA:101,0
DA:104,5
DA:105,0
DA:106,0
DA:107,0
DA:108,0
DA:109,0
DA:113,5
DA:114,0
DA:115,0
DA:116,0
DA:117,0
DA:118,0
DA:121,5
DA:122,0
DA:123,0
DA:124,0
DA:125,0
DA:128,0
DA:129,0
DA:130,0
DA:133,0
DA:141,0
DA:142,0
DA:143,0
DA:145,0
DA:146,0
DA:148,0
DA:154,0
DA:162,0
DA:163,0
DA:164,0
DA:166,0
DA:167,0
DA:175,5
DA:176,5
DA:185,0
DA:237,0
DA:240,0
DA:241,0
DA:265,0
DA:266,0
DA:267,0
DA:268,0
DA:308,1
LF:88
LH:26
BRDA:34,0,0,5
BRDA:34,0,1,0
BRDA:38,1,0,0
BRDA:38,1,1,0
BRDA:39,2,0,0
BRDA:39,2,1,0
BRDA:48,3,0,10
BRDA:48,3,1,0
BRDA:74,4,0,0
BRDA:74,4,1,0
BRDA:96,5,0,0
BRDA:96,5,1,0
BRDA:101,6,0,0
BRDA:101,6,1,0
BRDA:105,7,0,0
BRDA:105,7,1,0
BRDA:105,7,2,0
BRDA:105,7,3,0
BRDA:123,8,0,0
BRDA:123,8,1,0
BRDA:128,9,0,0
BRDA:128,9,1,0
BRDA:175,10,0,5
BRDA:175,10,1,0
BRDA:206,11,0,0
BRDA:206,11,1,0
BRDA:211,12,0,0
BRDA:211,12,1,0
BRDA:221,13,0,0
BRDA:221,13,1,0
BRDA:243,14,0,0
BRDA:243,14,1,0
BRDA:263,15,0,0
BRDA:263,15,1,0
BRDA:266,16,0,0
BRDA:266,16,1,0
BRDA:267,17,0,0
BRDA:267,17,1,0
BRF:38
BRH:3
end_of_record
TN:
SF:src/screens/ScanScreen.tsx
FN:23,ScanScreen
FN:34,(anonymous_1)
FN:40,(anonymous_2)
FN:57,(anonymous_3)
FN:80,(anonymous_4)
FN:109,(anonymous_5)
FN:124,(anonymous_6)
FN:125,(anonymous_7)
FN:136,(anonymous_8)
FN:137,(anonymous_9)
FN:152,(anonymous_10)
FN:158,(anonymous_11)
FN:206,(anonymous_12)
FN:213,(anonymous_13)
FN:293,(anonymous_14)
FN:297,(anonymous_15)
FN:328,(anonymous_16)
FN:342,(anonymous_17)
FNF:18
FNH:1
FNDA:5,ScanScreen
FNDA:0,(anonymous_1)
FNDA:0,(anonymous_2)
FNDA:0,(anonymous_3)
FNDA:0,(anonymous_4)
FNDA:0,(anonymous_5)
FNDA:0,(anonymous_6)
FNDA:0,(anonymous_7)
FNDA:0,(anonymous_8)
FNDA:0,(anonymous_9)
FNDA:0,(anonymous_10)
FNDA:0,(anonymous_11)
FNDA:0,(anonymous_12)
FNDA:0,(anonymous_13)
FNDA:0,(anonymous_14)
FNDA:0,(anonymous_15)
FNDA:0,(anonymous_16)
FNDA:0,(anonymous_17)
DA:24,5
DA:25,5
DA:26,5
DA:27,5
DA:28,5
DA:29,5
DA:31,5
DA:32,5
DA:34,5
DA:35,0
DA:36,0
DA:40,5
DA:41,0
DA:42,0
DA:50,0
DA:52,0
DA:53,0
DA:57,5
DA:58,0
DA:59,0
DA:60,0
DA:61,0
DA:66,0
DA:67,0
DA:68,0
DA:69,0
DA:72,0
DA:73,0
DA:75,0
DA:80,5
DA:81,0
DA:82,0
DA:83,0
DA:84,0
DA:85,0
DA:88,0
DA:89,0
DA:96,0
DA:97,0
DA:98,0
DA:99,0
DA:102,0
DA:103,0
DA:105,0
DA:109,5
DA:110,0
DA:111,0
DA:114,0
DA:116,0
DA:117,0
DA:118,0
DA:120,0
DA:124,0
DA:125,0
DA:131,0
DA:132,0
DA:136,0
DA:138,0
DA:139,0
DA:140,0
DA:141,0
DA:148,0
DA:152,5
DA:153,0
DA:154,0
DA:155,0
DA:158,5
DA:159,0
DA:161,0
DA:168,5
DA:169,0
DA:177,5
DA:178,0
DA:192,5
DA:206,0
DA:213,0
DA:293,0
DA:297,0
DA:329,0
DA:343,0
DA:367,1
LF:81
LH:19
BRDA:35,0,0,0
BRDA:35,0,1,0
BRDA:58,1,0,0
BRDA:58,1,1,0
BRDA:66,2,0,0
BRDA:66,2,1,0
BRDA:83,3,0,0
BRDA:83,3,1,0
BRDA:96,4,0,0
BRDA:96,4,1,0
BRDA:96,5,0,0
BRDA:96,5,1,0
BRDA:116,6,0,0
BRDA:116,6,1,0
BRDA:139,7,0,0
BRDA:139,7,1,0
BRDA:159,8,0,0
BRDA:159,8,1,0
BRDA:168,9,0,0
BRDA:168,9,1,5
BRDA:177,10,0,0
BRDA:177,10,1,5
BRDA:194,11,0,5
BRDA:194,11,1,0
BRDA:214,12,0,0
BRDA:214,12,1,0
BRDA:249,13,0,0
BRDA:249,13,1,5
BRDA:271,14,0,0
BRDA:271,14,1,0
BRDA:276,15,0,0
BRDA:276,15,1,0
BRDA:278,16,0,0
BRDA:278,16,1,0
BRDA:304,17,0,5
BRDA:304,17,1,0
BRDA:306,18,0,0
BRDA:306,18,1,0
BRDA:319,19,0,0
BRDA:319,19,1,0
BRDA:325,20,0,0
BRDA:325,20,1,0
BRDA:325,20,2,0
BRDA:338,21,0,0
BRDA:338,21,1,0
BRDA:338,21,2,0
BRF:46
BRH:5
end_of_record
TN:
SF:src/screens/SettingsScreen.tsx
FN:24,(anonymous_0)
FN:61,(anonymous_1)
FN:70,(anonymous_2)
FN:88,(anonymous_3)
FN:95,(anonymous_4)
FN:123,SettingsScreen
FN:128,(anonymous_6)
FN:137,(anonymous_7)
FN:146,(anonymous_8)
FN:183,(anonymous_9)
FN:191,(anonymous_10)
FN:215,(anonymous_11)
FNF:12
FNH:0
FNDA:0,(anonymous_0)
FNDA:0,(anonymous_1)
FNDA:0,(anonymous_2)
FNDA:0,(anonymous_3)
FNDA:0,(anonymous_4)
FNDA:0,SettingsScreen
FNDA:0,(anonymous_6)
FNDA:0,(anonymous_7)
FNDA:0,(anonymous_8)
FNDA:0,(anonymous_9)
FNDA:0,(anonymous_10)
FNDA:0,(anonymous_11)
DA:24,0
DA:32,0
DA:61,0
DA:62,0
DA:63,0
DA:65,0
DA:70,0
DA:71,0
DA:72,0
DA:73,0
DA:79,0
DA:83,0
DA:89,0
DA:95,0
DA:124,0
DA:125,0
DA:126,0
DA:128,0
DA:129,0
DA:138,0
DA:139,0
DA:146,0
DA:147,0
DA:154,0
DA:245,0
LF:25
LH:0
BRDA:29,0,0,0
BRDA:44,1,0,0
BRDA:44,1,1,0
BRDA:50,2,0,0
BRDA:50,2,1,0
BRDA:52,3,0,0
BRDA:52,3,1,0
BRDA:93,4,0,0
BRDA:93,4,1,0
BRDA:102,5,0,0
BRDA:102,5,1,0
BRDA:108,6,0,0
BRDA:108,6,1,0
BRDA:160,7,0,0
BRDA:160,7,1,0
BRDA:162,8,0,0
BRDA:162,8,1,0
BRDA:173,9,0,0
BRDA:173,9,1,0
BRDA:221,10,0,0
BRDA:221,10,1,0
BRF:21
BRH:0
end_of_record
TN:
SF:src/services/plantnet.ts
FN:38,(anonymous_0)
FN:83,(anonymous_1)
FN:118,(anonymous_2)
FN:122,(anonymous_3)
FN:123,(anonymous_4)
FN:131,(anonymous_5)
FN:141,(anonymous_6)
FN:154,(anonymous_7)
FN:155,(anonymous_8)
FN:166,(anonymous_9)
FN:182,(anonymous_10)
FN:184,(anonymous_11)
FNF:12
FNH:0
FNDA:0,(anonymous_0)
FNDA:0,(anonymous_1)
FNDA:0,(anonymous_2)
FNDA:0,(anonymous_3)
FNDA:0,(anonymous_4)
FNDA:0,(anonymous_5)
FNDA:0,(anonymous_6)
FNDA:0,(anonymous_7)
FNDA:0,(anonymous_8)
FNDA:0,(anonymous_9)
FNDA:0,(anonymous_10)
FNDA:0,(anonymous_11)
DA:3,0
DA:4,0
DA:34,0
DA:39,0
DA:40,0
DA:41,0
DA:42,0
DA:46,0
DA:47,0
DA:48,0
DA:50,0
DA:51,0
DA:52,0
DA:53,0
DA:54,0
DA:55,0
DA:59,0
DA:60,0
DA:63,0
DA:64,0
DA:69,0
DA:70,0
DA:73,0
DA:75,0
DA:76,0
DA:84,0
DA:85,0
DA:90,0
DA:91,0
DA:92,0
DA:94,0
DA:102,0
DA:103,0
DA:106,0
DA:108,0
DA:109,0
DA:112,0
DA:119,0
DA:122,0
DA:123,0
DA:124,0
DA:127,0
DA:130,0
DA:131,0
DA:132,0
DA:134,0
DA:135,0
DA:140,0
DA:141,0
DA:142,0
DA:145,0
DA:148,0
DA:154,0
DA:155,0
DA:167,0
DA:184,0
DA:186,0
DA:208,0
LF:58
LH:0
BRDA:3,0,0,0
BRDA:3,0,1,0
BRDA:38,1,0,0
BRDA:40,2,0,0
BRDA:40,2,1,0
BRDA:53,3,0,0
BRDA:53,3,1,0
BRDA:53,4,0,0
BRDA:53,4,1,0
BRDA:59,5,0,0
BRDA:59,5,1,0
BRDA:59,6,0,0
BRDA:59,6,1,0
BRDA:69,7,0,0
BRDA:69,7,1,0
BRDA:69,8,0,0
BRDA:69,8,1,0
BRDA:102,9,0,0
BRDA:102,9,1,0
BRDA:108,10,0,0
BRDA:108,10,1,0
BRDA:108,11,0,0
BRDA:108,11,1,0
BRDA:124,12,0,0
BRDA:124,12,1,0
BRDA:124,12,2,0
BRDA:130,13,0,0
BRDA:130,13,1,0
BRDA:134,14,0,0
BRDA:134,14,1,0
BRDA:141,15,0,0
BRDA:141,15,1,0
BRDA:142,16,0,0
BRDA:142,16,1,0
BRDA:155,17,0,0
BRDA:155,17,1,0
BRF:36
BRH:0
end_of_record
TN:
SF:src/services/supabase.ts
FN:23,(anonymous_0)
FN:30,(anonymous_1)
FN:37,(anonymous_2)
FN:42,(anonymous_3)
FN:47,(anonymous_4)
FN:52,(anonymous_5)
FN:60,(anonymous_6)
FN:72,(anonymous_7)
FN:81,(anonymous_8)
FN:90,(anonymous_9)
FN:100,(anonymous_10)
FN:109,(anonymous_11)
FN:117,(anonymous_12)
FN:127,(anonymous_13)
FN:136,(anonymous_14)
FN:146,(anonymous_15)
FN:155,(anonymous_16)
FN:166,(anonymous_17)
FNF:18
FNH:0
FNDA:0,(anonymous_0)
FNDA:0,(anonymous_1)
FNDA:0,(anonymous_2)
FNDA:0,(anonymous_3)
FNDA:0,(anonymous_4)
FNDA:0,(anonymous_5)
FNDA:0,(anonymous_6)
FNDA:0,(anonymous_7)
FNDA:0,(anonymous_8)
FNDA:0,(anonymous_9)
FNDA:0,(anonymous_10)
FNDA:0,(anonymous_11)
FNDA:0,(anonymous_12)
FNDA:0,(anonymous_13)
FNDA:0,(anonymous_14)
FNDA:0,(anonymous_15)
FNDA:0,(anonymous_16)
FNDA:0,(anonymous_17)
DA:5,1
DA:6,1
DA:8,1
DA:9,1
DA:12,1
DA:22,1
DA:24,0
DA:27,0
DA:31,0
DA:34,0
DA:38,0
DA:39,0
DA:43,0
DA:44,0
DA:48,0
DA:49,0
DA:53,0
DA:57,0
DA:61,0
DA:65,0
DA:70,1
DA:73,0
DA:78,0
DA:82,0
DA:87,0
DA:91,0
DA:97,0
DA:101,0
DA:105,0
DA:110,0
DA:114,0
DA:118,0
DA:123,0
DA:128,0
DA:133,0
DA:137,0
DA:142,0
DA:147,0
DA:152,0
DA:156,0
DA:162,0
DA:167,0
DA:168,0
DA:169,0
DA:171,0
DA:172,0
DA:178,0
DA:185,0
DA:187,0
DA:191,0
DA:193,0
DA:194,0
LF:52
LH:7
BRDA:5,0,0,1
BRDA:5,0,1,1
BRDA:6,1,0,1
BRDA:6,1,1,1
BRDA:8,2,0,1
BRDA:8,2,1,0
BRDA:8,3,0,1
BRDA:8,3,1,0
BRDA:166,4,0,0
BRDA:185,5,0,0
BRDA:185,5,1,0
BRF:11
BRH:6
end_of_record
TN:
SF:src/services/weather.ts
FN:38,(anonymous_0)
FN:79,(anonymous_1)
FN:92,(anonymous_2)
FN:101,(anonymous_3)
FN:137,(anonymous_4)
FN:148,(anonymous_5)
FN:168,(anonymous_6)
FN:186,(anonymous_7)
FN:235,(anonymous_8)
FN:255,(anonymous_9)
FN:287,(anonymous_10)
FN:296,(anonymous_11)
FN:307,(anonymous_12)
FNF:13
FNH:8
FNDA:5,(anonymous_0)
FNDA:5,(anonymous_1)
FNDA:3,(anonymous_2)
FNDA:0,(anonymous_3)
FNDA:0,(anonymous_4)
FNDA:3,(anonymous_5)
FNDA:3,(anonymous_6)
FNDA:4,(anonymous_7)
FNDA:1,(anonymous_8)
FNDA:0,(anonymous_9)
FNDA:5,(anonymous_10)
FNDA:0,(anonymous_11)
FNDA:0,(anonymous_12)
DA:2,1
DA:27,1
DA:28,1
DA:29,1
DA:30,1
DA:32,1
DA:33,1
DA:39,5
DA:41,5
DA:42,1
DA:43,1
DA:46,4
DA:47,4
DA:48,1
DA:49,1
DA:53,3
DA:56,3
DA:57,3
DA:58,3
DA:61,3
DA:63,0
DA:66,0
DA:67,0
DA:68,0
DA:71,0
DA:72,0
DA:80,5
DA:81,3
DA:84,2
DA:85,2
DA:86,2
DA:93,3
DA:95,3
DA:96,3
DA:97,3
DA:100,3
DA:101,3
DA:103,3
DA:113,3
DA:115,3
DA:116,0
DA:119,3
DA:120,3
DA:121,3
DA:124,0
DA:125,0
DA:128,0
DA:129,0
DA:130,0
DA:134,0
DA:135,0
DA:136,0
DA:137,0
DA:142,0
DA:149,3
DA:150,3
DA:151,3
DA:153,3
DA:169,3
DA:173,0
DA:175,0
DA:177,3
DA:179,0
DA:192,4
DA:193,0
DA:200,4
DA:201,0
DA:208,4
DA:209,0
DA:216,4
DA:217,0
DA:225,4
DA:237,1
DA:238,1
DA:240,1
DA:256,0
DA:259,0
DA:260,0
DA:264,0
DA:265,0
DA:267,0
DA:271,0
DA:272,0
DA:274,0
DA:277,0
DA:281,0
DA:288,5
DA:289,5
DA:290,5
DA:297,0
DA:308,0
DA:310,0
DA:311,0
DA:317,0
DA:318,0
DA:325,0
LF:96
LH:54
BRDA:41,0,0,1
BRDA:41,0,1,4
BRDA:47,1,0,1
BRDA:47,1,1,3
BRDA:56,2,0,3
BRDA:56,2,1,0
BRDA:63,3,0,0
BRDA:63,3,1,0
BRDA:66,4,0,0
BRDA:66,4,1,0
BRDA:80,5,0,3
BRDA:80,5,1,2
BRDA:80,6,0,5
BRDA:80,6,1,2
BRDA:115,7,0,0
BRDA:115,7,1,3
BRDA:125,8,0,0
BRDA:125,8,1,0
BRDA:128,9,0,0
BRDA:128,9,1,0
BRDA:128,10,0,0
BRDA:128,10,1,0
BRDA:134,11,0,0
BRDA:134,11,1,0
BRDA:142,12,0,0
BRDA:142,12,1,0
BRDA:151,13,0,3
BRDA:151,13,1,0
BRDA:157,14,0,3
BRDA:157,14,1,0
BRDA:169,15,0,0
BRDA:169,15,1,0
BRDA:169,15,2,0
BRDA:169,15,3,0
BRDA:169,15,4,3
BRDA:169,15,5,0
BRDA:192,16,0,0
BRDA:192,16,1,4
BRDA:200,17,0,0
BRDA:200,17,1,4
BRDA:200,18,0,4
BRDA:200,18,1,0
BRDA:208,19,0,0
BRDA:208,19,1,4
BRDA:208,20,0,4
BRDA:208,20,1,4
BRDA:216,21,0,0
BRDA:216,21,1,4
BRDA:259,22,0,0
BRDA:259,22,1,0
BRDA:260,23,0,0
BRDA:260,23,1,0
BRDA:260,23,2,0
BRDA:260,23,3,0
BRDA:260,23,4,0
BRDA:264,24,0,0
BRDA:264,24,1,0
BRDA:271,25,0,0
BRDA:271,25,1,0
BRDA:310,26,0,0
BRDA:310,26,1,0
BRDA:310,27,0,0
BRDA:310,27,1,0
BRDA:317,28,0,0
BRDA:317,28,1,0
BRDA:317,29,0,0
BRDA:317,29,1,0
BRF:67
BRH:20
end_of_record
TN:
SF:src/utils/rtl.ts
FN:5,(anonymous_0)
FN:11,(anonymous_1)
FN:65,(anonymous_2)
FN:71,(anonymous_3)
FN:77,(anonymous_4)
FN:84,(anonymous_5)
FN:88,(anonymous_6)
FN:92,(anonymous_7)
FN:96,(anonymous_8)
FN:100,(anonymous_9)
FN:104,(anonymous_10)
FN:108,(anonymous_11)
FN:114,(anonymous_12)
FNF:13
FNH:1
FNDA:10,(anonymous_0)
FNDA:0,(anonymous_1)
FNDA:0,(anonymous_2)
FNDA:0,(anonymous_3)
FNDA:0,(anonymous_4)
FNDA:0,(anonymous_5)
FNDA:0,(anonymous_6)
FNDA:0,(anonymous_7)
FNDA:0,(anonymous_8)
FNDA:0,(anonymous_9)
FNDA:0,(anonymous_10)
FNDA:0,(anonymous_11)
FNDA:0,(anonymous_12)
DA:5,1
DA:6,10
DA:7,10
DA:11,1
DA:12,0
DA:14,0
DA:17,0
DA:18,0
DA:19,0
DA:22,0
DA:23,0
DA:24,0
DA:27,0
DA:28,0
DA:29,0
DA:32,0
DA:33,0
DA:34,0
DA:37,0
DA:38,0
DA:39,0
DA:42,0
DA:43,0
DA:44,0
DA:48,0
DA:49,0
DA:50,0
DA:51,0
DA:55,0
DA:56,0
DA:57,0
DA:58,0
DA:61,0
DA:65,1
DA:66,0
DA:67,0
DA:71,1
DA:72,0
DA:73,0
DA:77,1
DA:78,0
DA:79,0
DA:83,1
DA:84,0
DA:88,0
DA:92,0
DA:97,0
DA:101,0
DA:105,0
DA:109,0
DA:114,1
DA:115,0
DA:116,0
LF:53
LH:9
BRDA:12,0,0,0
BRDA:12,0,1,0
BRDA:17,1,0,0
BRDA:17,1,1,0
BRDA:22,2,0,0
BRDA:22,2,1,0
BRDA:27,3,0,0
BRDA:27,3,1,0
BRDA:32,4,0,0
BRDA:32,4,1,0
BRDA:37,5,0,0
BRDA:37,5,1,0
BRDA:42,6,0,0
BRDA:42,6,1,0
BRDA:48,7,0,0
BRDA:48,7,1,0
BRDA:50,8,0,0
BRDA:50,8,1,0
BRDA:55,9,0,0
BRDA:55,9,1,0
BRDA:57,10,0,0
BRDA:57,10,1,0
BRDA:72,11,0,0
BRDA:72,11,1,0
BRDA:73,12,0,0
BRDA:73,12,1,0
BRDA:78,13,0,0
BRDA:78,13,1,0
BRDA:78,14,0,0
BRDA:78,14,1,0
BRDA:79,15,0,0
BRDA:79,15,1,0
BRDA:97,16,0,0
BRDA:97,16,1,0
BRDA:101,17,0,0
BRDA:101,17,1,0
BRDA:105,18,0,0
BRDA:105,18,1,0
BRDA:109,19,0,0
BRDA:109,19,1,0
BRDA:115,20,0,0
BRDA:115,20,1,0
BRF:42
BRH:0
end_of_record
